* docker compose up -d
Creating network "sandbox_default" with the default driver
Building algod
#2 [internal] load .dockerignore
#2 sha256:2a624a257e91f52498c261574ae53d2760af1e7ca0406cee157bb0ae1d30a9d2
#2 transferring context:
#2 transferring context: 73B 0.9s done
#2 ...

#1 [internal] load build definition from Dockerfile
#1 sha256:51835b7c56ee8190d6790ba7032cf5dc07715763d03a590345e2eb450365ceaf
#1 transferring dockerfile: 1.50kB 0.9s done
#1 DONE 7.2s

#2 [internal] load .dockerignore
#2 sha256:2a624a257e91f52498c261574ae53d2760af1e7ca0406cee157bb0ae1d30a9d2
#2 DONE 8.0s

#3 [internal] load metadata for docker.io/library/golang:1.17.5
#3 sha256:3ce65834f7d3a7d24709d89abd6d513f5446748e83e65f39378cdef7c372da42
#3 DONE 29.4s

#7 [internal] load build context
#7 sha256:ae8044eef84ea901f1692697a4ec01380480d740995a7aec9c158803216588ea
#7 DONE 0.0s

#4 [1/7] FROM docker.io/library/golang:1.17.5@sha256:c72fa9afc50b3303e8044cf28fb358b48032a548e1825819420fd40155a131cb
#4 sha256:99ce5ac4d0407879a4451aa99722cf3b69c3e77b38db135f6f4803b309d0e04f
#4 resolve docker.io/library/golang:1.17.5@sha256:c72fa9afc50b3303e8044cf28fb358b48032a548e1825819420fd40155a131cb
#4 resolve docker.io/library/golang:1.17.5@sha256:c72fa9afc50b3303e8044cf28fb358b48032a548e1825819420fd40155a131cb 1.0s done
#4 sha256:c72fa9afc50b3303e8044cf28fb358b48032a548e1825819420fd40155a131cb 2.60kB / 2.60kB done
#4 sha256:90fb73aa50a20c85ecfaf619002dceeabff306ae19beec149e6be39928ee7f2d 1.80kB / 1.80kB done
#4 sha256:276895edf9673267f47528e8a99401f2d2947f6c9c00490f773d5ed8f559bef2 7.07kB / 7.07kB done
#4 sha256:cb5b7ae361722f070eca53f35823ed21baa85d61d5d95cd5a95ab53d740cdd56 0B / 10.87MB 1.3s
#4 sha256:0e29546d541cdbd309281d21a73a9d1db78665c1b95b74f32b009e0b77a6e1e3 0B / 54.92MB 2.3s
#4 sha256:cb5b7ae361722f070eca53f35823ed21baa85d61d5d95cd5a95ab53d740cdd56 1.05MB / 10.87MB 3.8s
#4 ...

#7 [internal] load build context
#7 sha256:ae8044eef84ea901f1692697a4ec01380480d740995a7aec9c158803216588ea
#7 transferring context: 117.64kB 1.8s done
#7 DONE 5.8s

#4 [1/7] FROM docker.io/library/golang:1.17.5@sha256:c72fa9afc50b3303e8044cf28fb358b48032a548e1825819420fd40155a131cb
#4 sha256:99ce5ac4d0407879a4451aa99722cf3b69c3e77b38db135f6f4803b309d0e04f
#4 sha256:9b829c73b52b92b97d5c07a54fb0f3e921995a296c714b53a32ae67d19231fcd 0B / 5.15MB 4.4s
#4 sha256:cb5b7ae361722f070eca53f35823ed21baa85d61d5d95cd5a95ab53d740cdd56 2.10MB / 10.87MB 4.6s
#4 sha256:cb5b7ae361722f070eca53f35823ed21baa85d61d5d95cd5a95ab53d740cdd56 3.15MB / 10.87MB 4.9s
#4 sha256:cb5b7ae361722f070eca53f35823ed21baa85d61d5d95cd5a95ab53d740cdd56 4.19MB / 10.87MB 6.2s
#4 sha256:0e29546d541cdbd309281d21a73a9d1db78665c1b95b74f32b009e0b77a6e1e3 3.15MB / 54.92MB 6.7s
#4 sha256:cb5b7ae361722f070eca53f35823ed21baa85d61d5d95cd5a95ab53d740cdd56 5.24MB / 10.87MB 7.0s
#4 sha256:cb5b7ae361722f070eca53f35823ed21baa85d61d5d95cd5a95ab53d740cdd56 6.29MB / 10.87MB 7.9s
#4 sha256:cb5b7ae361722f070eca53f35823ed21baa85d61d5d95cd5a95ab53d740cdd56 7.34MB / 10.87MB 8.7s
#4 sha256:cb5b7ae361722f070eca53f35823ed21baa85d61d5d95cd5a95ab53d740cdd56 8.39MB / 10.87MB 9.5s
#4 sha256:9b829c73b52b92b97d5c07a54fb0f3e921995a296c714b53a32ae67d19231fcd 0B / 5.15MB 9.4s
#4 sha256:9b829c73b52b92b97d5c07a54fb0f3e921995a296c714b53a32ae67d19231fcd 1.05MB / 5.15MB 9.7s
#4 sha256:cb5b7ae361722f070eca53f35823ed21baa85d61d5d95cd5a95ab53d740cdd56 9.44MB / 10.87MB 10.3s
#4 sha256:cb5b7ae361722f070eca53f35823ed21baa85d61d5d95cd5a95ab53d740cdd56 10.49MB / 10.87MB 11.0s
#4 sha256:9b829c73b52b92b97d5c07a54fb0f3e921995a296c714b53a32ae67d19231fcd 2.10MB / 5.15MB 11.2s
#4 sha256:0e29546d541cdbd309281d21a73a9d1db78665c1b95b74f32b009e0b77a6e1e3 6.29MB / 54.92MB 11.6s
#4 sha256:cb5b7ae361722f070eca53f35823ed21baa85d61d5d95cd5a95ab53d740cdd56 10.87MB / 10.87MB 11.8s done
#4 sha256:9b829c73b52b92b97d5c07a54fb0f3e921995a296c714b53a32ae67d19231fcd 3.15MB / 5.15MB 12.0s
#4 sha256:6494e4811622b31c027ccac322ca463937fd805f569a93e6f15c01aade718793 0B / 54.57MB 12.3s
#4 sha256:9b829c73b52b92b97d5c07a54fb0f3e921995a296c714b53a32ae67d19231fcd 4.19MB / 5.15MB 12.4s
#4 sha256:9b829c73b52b92b97d5c07a54fb0f3e921995a296c714b53a32ae67d19231fcd 5.15MB / 5.15MB 12.8s
#4 sha256:9b829c73b52b92b97d5c07a54fb0f3e921995a296c714b53a32ae67d19231fcd 5.15MB / 5.15MB 13.2s done
#4 sha256:6e1d20a8313edd44a36cb9198f4d11ac5eedb41d1faf5e8a33c5a0a5a25d2b92 0B / 85.80MB 14.0s
#4 sha256:0e29546d541cdbd309281d21a73a9d1db78665c1b95b74f32b009e0b77a6e1e3 9.44MB / 54.92MB 14.7s
#4 sha256:6494e4811622b31c027ccac322ca463937fd805f569a93e6f15c01aade718793 3.15MB / 54.57MB 17.3s
#4 sha256:6e1d20a8313edd44a36cb9198f4d11ac5eedb41d1faf5e8a33c5a0a5a25d2b92 2.10MB / 85.80MB 19.1s
#4 sha256:0e29546d541cdbd309281d21a73a9d1db78665c1b95b74f32b009e0b77a6e1e3 11.53MB / 54.92MB 19.7s
#4 sha256:6494e4811622b31c027ccac322ca463937fd805f569a93e6f15c01aade718793 6.29MB / 54.57MB 19.7s
#4 sha256:6494e4811622b31c027ccac322ca463937fd805f569a93e6f15c01aade718793 9.44MB / 54.57MB 22.5s
#4 sha256:6494e4811622b31c027ccac322ca463937fd805f569a93e6f15c01aade718793 12.58MB / 54.57MB 24.0s
#4 sha256:6e1d20a8313edd44a36cb9198f4d11ac5eedb41d1faf5e8a33c5a0a5a25d2b92 5.24MB / 85.80MB 24.1s
#4 sha256:0e29546d541cdbd309281d21a73a9d1db78665c1b95b74f32b009e0b77a6e1e3 12.58MB / 54.92MB 24.8s
#4 sha256:6494e4811622b31c027ccac322ca463937fd805f569a93e6f15c01aade718793 15.73MB / 54.57MB 25.8s
#4 sha256:6e1d20a8313edd44a36cb9198f4d11ac5eedb41d1faf5e8a33c5a0a5a25d2b92 8.39MB / 85.80MB 29.3s
#4 sha256:0e29546d541cdbd309281d21a73a9d1db78665c1b95b74f32b009e0b77a6e1e3 13.63MB / 54.92MB 29.9s
#4 sha256:6494e4811622b31c027ccac322ca463937fd805f569a93e6f15c01aade718793 18.33MB / 54.57MB 30.9s
#4 sha256:6494e4811622b31c027ccac322ca463937fd805f569a93e6f15c01aade718793 22.02MB / 54.57MB 33.6s
#4 sha256:6e1d20a8313edd44a36cb9198f4d11ac5eedb41d1faf5e8a33c5a0a5a25d2b92 11.53MB / 85.80MB 34.3s
#4 sha256:0e29546d541cdbd309281d21a73a9d1db78665c1b95b74f32b009e0b77a6e1e3 15.73MB / 54.92MB 35.0s
#4 sha256:6494e4811622b31c027ccac322ca463937fd805f569a93e6f15c01aade718793 25.17MB / 54.57MB 35.5s
#4 sha256:6494e4811622b31c027ccac322ca463937fd805f569a93e6f15c01aade718793 28.31MB / 54.57MB 39.2s
#4 sha256:6e1d20a8313edd44a36cb9198f4d11ac5eedb41d1faf5e8a33c5a0a5a25d2b92 13.63MB / 85.80MB 39.4s
#4 sha256:0e29546d541cdbd309281d21a73a9d1db78665c1b95b74f32b009e0b77a6e1e3 17.83MB / 54.92MB 40.1s
#4 sha256:6494e4811622b31c027ccac322ca463937fd805f569a93e6f15c01aade718793 31.46MB / 54.57MB 42.2s
#4 sha256:6e1d20a8313edd44a36cb9198f4d11ac5eedb41d1faf5e8a33c5a0a5a25d2b92 15.73MB / 85.80MB 44.5s
#4 sha256:0e29546d541cdbd309281d21a73a9d1db78665c1b95b74f32b009e0b77a6e1e3 18.87MB / 54.92MB 45.1s
#4 sha256:6494e4811622b31c027ccac322ca463937fd805f569a93e6f15c01aade718793 34.60MB / 54.57MB 45.3s
#4 sha256:6494e4811622b31c027ccac322ca463937fd805f569a93e6f15c01aade718793 37.75MB / 54.57MB 48.9s
#4 sha256:6e1d20a8313edd44a36cb9198f4d11ac5eedb41d1faf5e8a33c5a0a5a25d2b92 17.83MB / 85.80MB 49.6s
#4 sha256:0e29546d541cdbd309281d21a73a9d1db78665c1b95b74f32b009e0b77a6e1e3 20.97MB / 54.92MB 50.2s
#4 sha256:6494e4811622b31c027ccac322ca463937fd805f569a93e6f15c01aade718793 40.89MB / 54.57MB 51.9s
#4 sha256:6e1d20a8313edd44a36cb9198f4d11ac5eedb41d1faf5e8a33c5a0a5a25d2b92 19.92MB / 85.80MB 54.8s
#4 sha256:6494e4811622b31c027ccac322ca463937fd805f569a93e6f15c01aade718793 44.04MB / 54.57MB 55.2s
#4 sha256:0e29546d541cdbd309281d21a73a9d1db78665c1b95b74f32b009e0b77a6e1e3 23.07MB / 54.92MB 55.3s
#4 sha256:6494e4811622b31c027ccac322ca463937fd805f569a93e6f15c01aade718793 47.19MB / 54.57MB 58.6s
#4 sha256:6e1d20a8313edd44a36cb9198f4d11ac5eedb41d1faf5e8a33c5a0a5a25d2b92 23.07MB / 85.80MB 59.8s
#4 sha256:0e29546d541cdbd309281d21a73a9d1db78665c1b95b74f32b009e0b77a6e1e3 25.17MB / 54.92MB 60.5s
#4 sha256:6494e4811622b31c027ccac322ca463937fd805f569a93e6f15c01aade718793 50.33MB / 54.57MB 62.0s
#4 sha256:6e1d20a8313edd44a36cb9198f4d11ac5eedb41d1faf5e8a33c5a0a5a25d2b92 25.17MB / 85.80MB 65.0s
#4 sha256:6494e4811622b31c027ccac322ca463937fd805f569a93e6f15c01aade718793 53.48MB / 54.57MB 65.4s
#4 sha256:0e29546d541cdbd309281d21a73a9d1db78665c1b95b74f32b009e0b77a6e1e3 26.21MB / 54.92MB 65.6s
#4 sha256:6494e4811622b31c027ccac322ca463937fd805f569a93e6f15c01aade718793 54.57MB / 54.57MB 67.4s done
#4 sha256:593823f101dcd9f20536348ad760ff593d83bb7ca26d99abeb0a0ecfeb6955ba 0B / 134.81MB 68.7s
#4 sha256:0e29546d541cdbd309281d21a73a9d1db78665c1b95b74f32b009e0b77a6e1e3 29.36MB / 54.92MB 69.4s
#4 sha256:6e1d20a8313edd44a36cb9198f4d11ac5eedb41d1faf5e8a33c5a0a5a25d2b92 28.31MB / 85.80MB 70.1s
#4 sha256:593823f101dcd9f20536348ad760ff593d83bb7ca26d99abeb0a0ecfeb6955ba 3.15MB / 134.81MB 73.8s
#4 sha256:0e29546d541cdbd309281d21a73a9d1db78665c1b95b74f32b009e0b77a6e1e3 31.46MB / 54.92MB 74.5s
#4 sha256:6e1d20a8313edd44a36cb9198f4d11ac5eedb41d1faf5e8a33c5a0a5a25d2b92 30.41MB / 85.80MB 75.1s
#4 sha256:593823f101dcd9f20536348ad760ff593d83bb7ca26d99abeb0a0ecfeb6955ba 9.44MB / 134.81MB 78.9s
#4 sha256:0e29546d541cdbd309281d21a73a9d1db78665c1b95b74f32b009e0b77a6e1e3 31.46MB / 54.92MB 79.6s
#4 sha256:6e1d20a8313edd44a36cb9198f4d11ac5eedb41d1faf5e8a33c5a0a5a25d2b92 31.46MB / 85.80MB 80.1s
#4 sha256:593823f101dcd9f20536348ad760ff593d83bb7ca26d99abeb0a0ecfeb6955ba 14.68MB / 134.81MB 84.0s
#4 sha256:0e29546d541cdbd309281d21a73a9d1db78665c1b95b74f32b009e0b77a6e1e3 33.55MB / 54.92MB 84.7s
#4 sha256:6e1d20a8313edd44a36cb9198f4d11ac5eedb41d1faf5e8a33c5a0a5a25d2b92 33.55MB / 85.80MB 85.3s
#4 sha256:593823f101dcd9f20536348ad760ff593d83bb7ca26d99abeb0a0ecfeb6955ba 20.97MB / 134.81MB 89.2s
#4 sha256:0e29546d541cdbd309281d21a73a9d1db78665c1b95b74f32b009e0b77a6e1e3 35.65MB / 54.92MB 89.8s
#4 sha256:6e1d20a8313edd44a36cb9198f4d11ac5eedb41d1faf5e8a33c5a0a5a25d2b92 35.65MB / 85.80MB 90.4s
#4 sha256:593823f101dcd9f20536348ad760ff593d83bb7ca26d99abeb0a0ecfeb6955ba 25.17MB / 134.81MB 94.4s
#4 sha256:0e29546d541cdbd309281d21a73a9d1db78665c1b95b74f32b009e0b77a6e1e3 36.70MB / 54.92MB 94.8s
#4 sha256:6e1d20a8313edd44a36cb9198f4d11ac5eedb41d1faf5e8a33c5a0a5a25d2b92 37.75MB / 85.80MB 95.5s
#4 sha256:593823f101dcd9f20536348ad760ff593d83bb7ca26d99abeb0a0ecfeb6955ba 30.41MB / 134.81MB 99.5s
#4 sha256:0e29546d541cdbd309281d21a73a9d1db78665c1b95b74f32b009e0b77a6e1e3 38.80MB / 54.92MB 100.0s
#4 sha256:6e1d20a8313edd44a36cb9198f4d11ac5eedb41d1faf5e8a33c5a0a5a25d2b92 40.89MB / 85.80MB 100.7s
#4 sha256:593823f101dcd9f20536348ad760ff593d83bb7ca26d99abeb0a0ecfeb6955ba 34.60MB / 134.81MB 104.5s
#4 sha256:0e29546d541cdbd309281d21a73a9d1db78665c1b95b74f32b009e0b77a6e1e3 40.89MB / 54.92MB 105.1s
#4 sha256:6e1d20a8313edd44a36cb9198f4d11ac5eedb41d1faf5e8a33c5a0a5a25d2b92 42.99MB / 85.80MB 105.8s
#4 sha256:593823f101dcd9f20536348ad760ff593d83bb7ca26d99abeb0a0ecfeb6955ba 39.85MB / 134.81MB 109.6s
#4 sha256:0e29546d541cdbd309281d21a73a9d1db78665c1b95b74f32b009e0b77a6e1e3 42.99MB / 54.92MB 110.1s
#4 sha256:6e1d20a8313edd44a36cb9198f4d11ac5eedb41d1faf5e8a33c5a0a5a25d2b92 45.09MB / 85.80MB 110.9s
#4 sha256:593823f101dcd9f20536348ad760ff593d83bb7ca26d99abeb0a0ecfeb6955ba 45.09MB / 134.81MB 114.7s
#4 sha256:0e29546d541cdbd309281d21a73a9d1db78665c1b95b74f32b009e0b77a6e1e3 45.09MB / 54.92MB 115.2s
#4 sha256:6e1d20a8313edd44a36cb9198f4d11ac5eedb41d1faf5e8a33c5a0a5a25d2b92 46.14MB / 85.80MB 116.0s
#4 sha256:593823f101dcd9f20536348ad760ff593d83bb7ca26d99abeb0a0ecfeb6955ba 49.28MB / 134.81MB 119.8s
#4 sha256:0e29546d541cdbd309281d21a73a9d1db78665c1b95b74f32b009e0b77a6e1e3 47.19MB / 54.92MB 120.2s
#4 sha256:6e1d20a8313edd44a36cb9198f4d11ac5eedb41d1faf5e8a33c5a0a5a25d2b92 48.23MB / 85.80MB 121.1s
#4 sha256:593823f101dcd9f20536348ad760ff593d83bb7ca26d99abeb0a0ecfeb6955ba 53.48MB / 134.81MB 124.8s
#4 sha256:0e29546d541cdbd309281d21a73a9d1db78665c1b95b74f32b009e0b77a6e1e3 49.28MB / 54.92MB 125.3s
#4 sha256:6e1d20a8313edd44a36cb9198f4d11ac5eedb41d1faf5e8a33c5a0a5a25d2b92 50.33MB / 85.80MB 126.2s
#4 sha256:0e29546d541cdbd309281d21a73a9d1db78665c1b95b74f32b009e0b77a6e1e3 52.43MB / 54.92MB 129.9s
#4 sha256:593823f101dcd9f20536348ad760ff593d83bb7ca26d99abeb0a0ecfeb6955ba 57.67MB / 134.81MB 129.9s
#4 sha256:6e1d20a8313edd44a36cb9198f4d11ac5eedb41d1faf5e8a33c5a0a5a25d2b92 52.43MB / 85.80MB 131.3s
#4 sha256:0e29546d541cdbd309281d21a73a9d1db78665c1b95b74f32b009e0b77a6e1e3 54.53MB / 54.92MB 135.0s
#4 sha256:593823f101dcd9f20536348ad760ff593d83bb7ca26d99abeb0a0ecfeb6955ba 61.87MB / 134.81MB 135.0s
#4 sha256:6e1d20a8313edd44a36cb9198f4d11ac5eedb41d1faf5e8a33c5a0a5a25d2b92 55.57MB / 85.80MB 136.3s
#4 sha256:0e29546d541cdbd309281d21a73a9d1db78665c1b95b74f32b009e0b77a6e1e3 54.92MB / 54.92MB 136.4s done
#4 sha256:593823f101dcd9f20536348ad760ff593d83bb7ca26d99abeb0a0ecfeb6955ba 67.11MB / 134.81MB 140.0s
#4 sha256:6e1d20a8313edd44a36cb9198f4d11ac5eedb41d1faf5e8a33c5a0a5a25d2b92 59.77MB / 85.80MB 141.4s
#4 sha256:1b4aae56cdbe63d04c5a44cec0c4cdf9dc1efb3cac8a4102c8cc618086809b72 0B / 155B 143.2s
#4 sha256:593823f101dcd9f20536348ad760ff593d83bb7ca26d99abeb0a0ecfeb6955ba 68.16MB / 134.81MB 145.1s
#4 sha256:6e1d20a8313edd44a36cb9198f4d11ac5eedb41d1faf5e8a33c5a0a5a25d2b92 59.77MB / 85.80MB 146.5s
#4 sha256:1b4aae56cdbe63d04c5a44cec0c4cdf9dc1efb3cac8a4102c8cc618086809b72 0B / 155B 148.2s
#4 sha256:593823f101dcd9f20536348ad760ff593d83bb7ca26d99abeb0a0ecfeb6955ba 68.16MB / 134.81MB 150.3s
#4 sha256:6e1d20a8313edd44a36cb9198f4d11ac5eedb41d1faf5e8a33c5a0a5a25d2b92 59.77MB / 85.80MB 151.6s
#4 sha256:1b4aae56cdbe63d04c5a44cec0c4cdf9dc1efb3cac8a4102c8cc618086809b72 0B / 155B 153.4s
#4 sha256:593823f101dcd9f20536348ad760ff593d83bb7ca26d99abeb0a0ecfeb6955ba 0B / 134.81MB 160.6s
#4 sha256:6e1d20a8313edd44a36cb9198f4d11ac5eedb41d1faf5e8a33c5a0a5a25d2b92 0B / 85.80MB 163.2s
#4 sha256:1b4aae56cdbe63d04c5a44cec0c4cdf9dc1efb3cac8a4102c8cc618086809b72 0B / 155B 164.5s
#4 sha256:593823f101dcd9f20536348ad760ff593d83bb7ca26d99abeb0a0ecfeb6955ba 0B / 134.81MB 165.6s
#4 sha256:6e1d20a8313edd44a36cb9198f4d11ac5eedb41d1faf5e8a33c5a0a5a25d2b92 0B / 85.80MB 168.2s
#4 sha256:593823f101dcd9f20536348ad760ff593d83bb7ca26d99abeb0a0ecfeb6955ba 0B / 134.81MB 170.7s
#4 sha256:1b4aae56cdbe63d04c5a44cec0c4cdf9dc1efb3cac8a4102c8cc618086809b72 0B / 155B 177.9s
#4 sha256:1b4aae56cdbe63d04c5a44cec0c4cdf9dc1efb3cac8a4102c8cc618086809b72 0B / 155B 182.9s
#4 sha256:593823f101dcd9f20536348ad760ff593d83bb7ca26d99abeb0a0ecfeb6955ba 0B / 134.81MB 186.6s
#4 sha256:1b4aae56cdbe63d04c5a44cec0c4cdf9dc1efb3cac8a4102c8cc618086809b72 0B / 155B 188.0s
#4 sha256:6e1d20a8313edd44a36cb9198f4d11ac5eedb41d1faf5e8a33c5a0a5a25d2b92 0B / 85.80MB 190.7s
#4 sha256:6e1d20a8313edd44a36cb9198f4d11ac5eedb41d1faf5e8a33c5a0a5a25d2b92 3.15MB / 85.80MB 195.7s
#4 sha256:6e1d20a8313edd44a36cb9198f4d11ac5eedb41d1faf5e8a33c5a0a5a25d2b92 8.39MB / 85.80MB 198.4s
#4 sha256:6e1d20a8313edd44a36cb9198f4d11ac5eedb41d1faf5e8a33c5a0a5a25d2b92 13.63MB / 85.80MB 201.1s
#4 sha256:6e1d20a8313edd44a36cb9198f4d11ac5eedb41d1faf5e8a33c5a0a5a25d2b92 18.49MB / 85.80MB 204.6s
#4 sha256:6e1d20a8313edd44a36cb9198f4d11ac5eedb41d1faf5e8a33c5a0a5a25d2b92 23.07MB / 85.80MB 207.4s
#4 sha256:593823f101dcd9f20536348ad760ff593d83bb7ca26d99abeb0a0ecfeb6955ba 0B / 134.81MB 209.5s
#4 sha256:6e1d20a8313edd44a36cb9198f4d11ac5eedb41d1faf5e8a33c5a0a5a25d2b92 28.31MB / 85.80MB 211.3s
#4 sha256:6e1d20a8313edd44a36cb9198f4d11ac5eedb41d1faf5e8a33c5a0a5a25d2b92 33.55MB / 85.80MB 214.4s
#4 sha256:593823f101dcd9f20536348ad760ff593d83bb7ca26d99abeb0a0ecfeb6955ba 1.05MB / 134.81MB 214.6s
#4 sha256:1b4aae56cdbe63d04c5a44cec0c4cdf9dc1efb3cac8a4102c8cc618086809b72 0B / 155B 214.8s
#4 sha256:6e1d20a8313edd44a36cb9198f4d11ac5eedb41d1faf5e8a33c5a0a5a25d2b92 36.70MB / 85.80MB 219.4s
#4 sha256:593823f101dcd9f20536348ad760ff593d83bb7ca26d99abeb0a0ecfeb6955ba 3.15MB / 134.81MB 219.6s
#4 sha256:1b4aae56cdbe63d04c5a44cec0c4cdf9dc1efb3cac8a4102c8cc618086809b72 0B / 155B 219.8s
#4 sha256:6e1d20a8313edd44a36cb9198f4d11ac5eedb41d1faf5e8a33c5a0a5a25d2b92 39.85MB / 85.80MB 224.7s
#4 sha256:593823f101dcd9f20536348ad760ff593d83bb7ca26d99abeb0a0ecfeb6955ba 8.39MB / 134.81MB 224.7s
#4 sha256:1b4aae56cdbe63d04c5a44cec0c4cdf9dc1efb3cac8a4102c8cc618086809b72 0B / 155B 224.8s
#4 sha256:6e1d20a8313edd44a36cb9198f4d11ac5eedb41d1faf5e8a33c5a0a5a25d2b92 43.02MB / 85.80MB 230.2s
#4 sha256:593823f101dcd9f20536348ad760ff593d83bb7ca26d99abeb0a0ecfeb6955ba 11.94MB / 134.81MB 230.2s
#4 sha256:1b4aae56cdbe63d04c5a44cec0c4cdf9dc1efb3cac8a4102c8cc618086809b72 0B / 155B 230.2s
#4 sha256:6e1d20a8313edd44a36cb9198f4d11ac5eedb41d1faf5e8a33c5a0a5a25d2b92 43.02MB / 85.80MB 235.3s
#4 sha256:593823f101dcd9f20536348ad760ff593d83bb7ca26d99abeb0a0ecfeb6955ba 11.94MB / 134.81MB 235.3s
#4 sha256:1b4aae56cdbe63d04c5a44cec0c4cdf9dc1efb3cac8a4102c8cc618086809b72 0B / 155B 235.3s
#4 sha256:6e1d20a8313edd44a36cb9198f4d11ac5eedb41d1faf5e8a33c5a0a5a25d2b92 43.02MB / 85.80MB 240.3s
#4 sha256:593823f101dcd9f20536348ad760ff593d83bb7ca26d99abeb0a0ecfeb6955ba 11.94MB / 134.81MB 240.3s
#4 sha256:1b4aae56cdbe63d04c5a44cec0c4cdf9dc1efb3cac8a4102c8cc618086809b72 0B / 155B 240.3s
#4 sha256:6e1d20a8313edd44a36cb9198f4d11ac5eedb41d1faf5e8a33c5a0a5a25d2b92 43.02MB / 85.80MB 245.6s
#4 sha256:593823f101dcd9f20536348ad760ff593d83bb7ca26d99abeb0a0ecfeb6955ba 11.94MB / 134.81MB 245.6s
#4 sha256:1b4aae56cdbe63d04c5a44cec0c4cdf9dc1efb3cac8a4102c8cc618086809b72 0B / 155B 245.6s
#4 sha256:6e1d20a8313edd44a36cb9198f4d11ac5eedb41d1faf5e8a33c5a0a5a25d2b92 43.02MB / 85.80MB 250.7s
#4 sha256:593823f101dcd9f20536348ad760ff593d83bb7ca26d99abeb0a0ecfeb6955ba 11.94MB / 134.81MB 250.7s
#4 sha256:1b4aae56cdbe63d04c5a44cec0c4cdf9dc1efb3cac8a4102c8cc618086809b72 0B / 155B 250.7s
* docker compose up -d
Building algod
#2 [internal] load build definition from Dockerfile
#2 sha256:4955c6d66b1d6a638a8ee0629d920c3295bf6ffc114a933b89255200a34bb2c0
#2 transferring dockerfile:
#2 transferring dockerfile: 32B 0.5s done
#2 DONE 2.0s

#1 [internal] load .dockerignore
#1 sha256:da43eb307c440aa7008c9a5574529a378098909c9d541b1177e5103f4fc86b63
#1 transferring context: 34B 0.5s done
#1 DONE 2.8s

#3 [internal] load metadata for docker.io/library/golang:1.17.5
#3 sha256:3ce65834f7d3a7d24709d89abd6d513f5446748e83e65f39378cdef7c372da42
#3 DONE 7.7s

#4 [1/7] FROM docker.io/library/golang:1.17.5@sha256:c72fa9afc50b3303e8044cf28fb358b48032a548e1825819420fd40155a131cb
#4 sha256:99ce5ac4d0407879a4451aa99722cf3b69c3e77b38db135f6f4803b309d0e04f
#4 ...

#7 [internal] load build context
#7 sha256:ab2d57d294d66780d65c49d697d491ede252fc86025bf371c880521d88c63c90
#7 DONE 0.0s

#4 [1/7] FROM docker.io/library/golang:1.17.5@sha256:c72fa9afc50b3303e8044cf28fb358b48032a548e1825819420fd40155a131cb
#4 sha256:99ce5ac4d0407879a4451aa99722cf3b69c3e77b38db135f6f4803b309d0e04f
#4 resolve docker.io/library/golang:1.17.5@sha256:c72fa9afc50b3303e8044cf28fb358b48032a548e1825819420fd40155a131cb
#4 resolve docker.io/library/golang:1.17.5@sha256:c72fa9afc50b3303e8044cf28fb358b48032a548e1825819420fd40155a131cb 0.6s done
#4 DONE 0.6s

#4 [1/7] FROM docker.io/library/golang:1.17.5@sha256:c72fa9afc50b3303e8044cf28fb358b48032a548e1825819420fd40155a131cb
#4 sha256:99ce5ac4d0407879a4451aa99722cf3b69c3e77b38db135f6f4803b309d0e04f
#4 sha256:c72fa9afc50b3303e8044cf28fb358b48032a548e1825819420fd40155a131cb 2.60kB / 2.60kB done
#4 sha256:90fb73aa50a20c85ecfaf619002dceeabff306ae19beec149e6be39928ee7f2d 1.80kB / 1.80kB done
#4 sha256:276895edf9673267f47528e8a99401f2d2947f6c9c00490f773d5ed8f559bef2 7.07kB / 7.07kB done
#4 ...

#7 [internal] load build context
#7 sha256:ab2d57d294d66780d65c49d697d491ede252fc86025bf371c880521d88c63c90
#7 transferring context: 1.22kB 0.1s done
#7 DONE 1.4s

#4 [1/7] FROM docker.io/library/golang:1.17.5@sha256:c72fa9afc50b3303e8044cf28fb358b48032a548e1825819420fd40155a131cb
#4 sha256:99ce5ac4d0407879a4451aa99722cf3b69c3e77b38db135f6f4803b309d0e04f
#4 sha256:cb5b7ae361722f070eca53f35823ed21baa85d61d5d95cd5a95ab53d740cdd56 0B / 10.87MB 0.7s
#4 sha256:9b829c73b52b92b97d5c07a54fb0f3e921995a296c714b53a32ae67d19231fcd 0B / 5.15MB 1.1s
#4 sha256:0e29546d541cdbd309281d21a73a9d1db78665c1b95b74f32b009e0b77a6e1e3 0B / 54.92MB 1.5s
#4 sha256:cb5b7ae361722f070eca53f35823ed21baa85d61d5d95cd5a95ab53d740cdd56 1.05MB / 10.87MB 2.1s
#4 sha256:9b829c73b52b92b97d5c07a54fb0f3e921995a296c714b53a32ae67d19231fcd 262.14kB / 5.15MB 3.3s
#4 sha256:cb5b7ae361722f070eca53f35823ed21baa85d61d5d95cd5a95ab53d740cdd56 2.10MB / 10.87MB 3.5s
#4 sha256:9b829c73b52b92b97d5c07a54fb0f3e921995a296c714b53a32ae67d19231fcd 1.05MB / 5.15MB 3.5s
#4 sha256:9b829c73b52b92b97d5c07a54fb0f3e921995a296c714b53a32ae67d19231fcd 2.10MB / 5.15MB 4.1s
#4 sha256:cb5b7ae361722f070eca53f35823ed21baa85d61d5d95cd5a95ab53d740cdd56 3.15MB / 10.87MB 5.0s
#4 sha256:9b829c73b52b92b97d5c07a54fb0f3e921995a296c714b53a32ae67d19231fcd 3.15MB / 5.15MB 6.4s
#4 sha256:0e29546d541cdbd309281d21a73a9d1db78665c1b95b74f32b009e0b77a6e1e3 1.05MB / 54.92MB 6.5s
#4 sha256:cb5b7ae361722f070eca53f35823ed21baa85d61d5d95cd5a95ab53d740cdd56 4.19MB / 10.87MB 7.3s
#4 sha256:9b829c73b52b92b97d5c07a54fb0f3e921995a296c714b53a32ae67d19231fcd 4.19MB / 5.15MB 7.9s
#4 sha256:0e29546d541cdbd309281d21a73a9d1db78665c1b95b74f32b009e0b77a6e1e3 3.92MB / 54.92MB 8.1s
#4 sha256:cb5b7ae361722f070eca53f35823ed21baa85d61d5d95cd5a95ab53d740cdd56 5.24MB / 10.87MB 8.9s
#4 sha256:9b829c73b52b92b97d5c07a54fb0f3e921995a296c714b53a32ae67d19231fcd 5.15MB / 5.15MB 9.2s
#4 sha256:9b829c73b52b92b97d5c07a54fb0f3e921995a296c714b53a32ae67d19231fcd 5.15MB / 5.15MB 9.4s done
#4 sha256:6494e4811622b31c027ccac322ca463937fd805f569a93e6f15c01aade718793 0B / 54.57MB 9.9s
#4 sha256:0e29546d541cdbd309281d21a73a9d1db78665c1b95b74f32b009e0b77a6e1e3 7.34MB / 54.92MB 11.9s
#4 sha256:cb5b7ae361722f070eca53f35823ed21baa85d61d5d95cd5a95ab53d740cdd56 6.29MB / 10.87MB 12.2s
#4 sha256:6494e4811622b31c027ccac322ca463937fd805f569a93e6f15c01aade718793 1.05MB / 54.57MB 14.9s
#4 sha256:cb5b7ae361722f070eca53f35823ed21baa85d61d5d95cd5a95ab53d740cdd56 7.34MB / 10.87MB 15.4s
#4 sha256:0e29546d541cdbd309281d21a73a9d1db78665c1b95b74f32b009e0b77a6e1e3 10.49MB / 54.92MB 15.4s
#4 sha256:6494e4811622b31c027ccac322ca463937fd805f569a93e6f15c01aade718793 2.10MB / 54.57MB 20.0s
#4 sha256:cb5b7ae361722f070eca53f35823ed21baa85d61d5d95cd5a95ab53d740cdd56 7.34MB / 10.87MB 20.4s
#4 sha256:0e29546d541cdbd309281d21a73a9d1db78665c1b95b74f32b009e0b77a6e1e3 12.58MB / 54.92MB 20.4s
#4 sha256:cb5b7ae361722f070eca53f35823ed21baa85d61d5d95cd5a95ab53d740cdd56 8.39MB / 10.87MB 21.0s
#4 sha256:cb5b7ae361722f070eca53f35823ed21baa85d61d5d95cd5a95ab53d740cdd56 9.44MB / 10.87MB 25.0s
#4 sha256:0e29546d541cdbd309281d21a73a9d1db78665c1b95b74f32b009e0b77a6e1e3 15.73MB / 54.92MB 25.2s
#4 sha256:6494e4811622b31c027ccac322ca463937fd805f569a93e6f15c01aade718793 4.19MB / 54.57MB 25.2s
#4 sha256:cb5b7ae361722f070eca53f35823ed21baa85d61d5d95cd5a95ab53d740cdd56 10.49MB / 10.87MB 28.4s
#4 sha256:6494e4811622b31c027ccac322ca463937fd805f569a93e6f15c01aade718793 7.17MB / 54.57MB 29.7s
#4 sha256:cb5b7ae361722f070eca53f35823ed21baa85d61d5d95cd5a95ab53d740cdd56 10.87MB / 10.87MB 29.7s done
#4 sha256:6e1d20a8313edd44a36cb9198f4d11ac5eedb41d1faf5e8a33c5a0a5a25d2b92 0B / 85.80MB 30.2s
#4 sha256:0e29546d541cdbd309281d21a73a9d1db78665c1b95b74f32b009e0b77a6e1e3 18.87MB / 54.92MB 30.3s
#4 sha256:6494e4811622b31c027ccac322ca463937fd805f569a93e6f15c01aade718793 9.44MB / 54.57MB 34.8s
#4 sha256:6e1d20a8313edd44a36cb9198f4d11ac5eedb41d1faf5e8a33c5a0a5a25d2b92 0B / 85.80MB 35.2s
#4 sha256:0e29546d541cdbd309281d21a73a9d1db78665c1b95b74f32b009e0b77a6e1e3 20.97MB / 54.92MB 35.5s
#4 sha256:0e29546d541cdbd309281d21a73a9d1db78665c1b95b74f32b009e0b77a6e1e3 24.12MB / 54.92MB 39.7s
#4 sha256:6494e4811622b31c027ccac322ca463937fd805f569a93e6f15c01aade718793 11.53MB / 54.57MB 39.9s
#4 sha256:6e1d20a8313edd44a36cb9198f4d11ac5eedb41d1faf5e8a33c5a0a5a25d2b92 2.10MB / 85.80MB 40.3s
#4 sha256:0e29546d541cdbd309281d21a73a9d1db78665c1b95b74f32b009e0b77a6e1e3 26.21MB / 54.92MB 44.8s
#4 sha256:6494e4811622b31c027ccac322ca463937fd805f569a93e6f15c01aade718793 13.63MB / 54.57MB 45.0s
#4 sha256:6e1d20a8313edd44a36cb9198f4d11ac5eedb41d1faf5e8a33c5a0a5a25d2b92 5.24MB / 85.80MB 45.3s
#4 sha256:0e29546d541cdbd309281d21a73a9d1db78665c1b95b74f32b009e0b77a6e1e3 29.36MB / 54.92MB 48.9s
#4 sha256:6494e4811622b31c027ccac322ca463937fd805f569a93e6f15c01aade718793 16.78MB / 54.57MB 49.9s
#4 sha256:6e1d20a8313edd44a36cb9198f4d11ac5eedb41d1faf5e8a33c5a0a5a25d2b92 9.44MB / 85.80MB 50.4s
#4 sha256:0e29546d541cdbd309281d21a73a9d1db78665c1b95b74f32b009e0b77a6e1e3 32.51MB / 54.92MB 53.2s
#4 sha256:6494e4811622b31c027ccac322ca463937fd805f569a93e6f15c01aade718793 18.87MB / 54.57MB 54.9s
#4 sha256:6e1d20a8313edd44a36cb9198f4d11ac5eedb41d1faf5e8a33c5a0a5a25d2b92 13.63MB / 85.80MB 55.5s
#4 sha256:0e29546d541cdbd309281d21a73a9d1db78665c1b95b74f32b009e0b77a6e1e3 35.65MB / 54.92MB 56.8s
#4 sha256:6494e4811622b31c027ccac322ca463937fd805f569a93e6f15c01aade718793 22.02MB / 54.57MB 59.0s
#4 sha256:6e1d20a8313edd44a36cb9198f4d11ac5eedb41d1faf5e8a33c5a0a5a25d2b92 16.78MB / 85.80MB 60.6s
#4 sha256:0e29546d541cdbd309281d21a73a9d1db78665c1b95b74f32b009e0b77a6e1e3 37.75MB / 54.92MB 61.9s
#4 sha256:6494e4811622b31c027ccac322ca463937fd805f569a93e6f15c01aade718793 23.07MB / 54.57MB 64.2s
#4 sha256:6e1d20a8313edd44a36cb9198f4d11ac5eedb41d1faf5e8a33c5a0a5a25d2b92 17.83MB / 85.80MB 65.8s
#4 sha256:0e29546d541cdbd309281d21a73a9d1db78665c1b95b74f32b009e0b77a6e1e3 38.80MB / 54.92MB 66.9s
#4 sha256:6494e4811622b31c027ccac322ca463937fd805f569a93e6f15c01aade718793 25.17MB / 54.57MB 69.3s
#4 sha256:0e29546d541cdbd309281d21a73a9d1db78665c1b95b74f32b009e0b77a6e1e3 41.94MB / 54.92MB 70.0s
#4 sha256:6e1d20a8313edd44a36cb9198f4d11ac5eedb41d1faf5e8a33c5a0a5a25d2b92 22.02MB / 85.80MB 70.8s
#4 sha256:6494e4811622b31c027ccac322ca463937fd805f569a93e6f15c01aade718793 27.26MB / 54.57MB 74.5s
#4 sha256:0e29546d541cdbd309281d21a73a9d1db78665c1b95b74f32b009e0b77a6e1e3 42.99MB / 54.92MB 75.0s
#4 sha256:6e1d20a8313edd44a36cb9198f4d11ac5eedb41d1faf5e8a33c5a0a5a25d2b92 25.17MB / 85.80MB 75.9s
#4 sha256:6494e4811622b31c027ccac322ca463937fd805f569a93e6f15c01aade718793 28.31MB / 54.57MB 79.6s
#4 sha256:0e29546d541cdbd309281d21a73a9d1db78665c1b95b74f32b009e0b77a6e1e3 45.09MB / 54.92MB 80.1s
#4 sha256:6e1d20a8313edd44a36cb9198f4d11ac5eedb41d1faf5e8a33c5a0a5a25d2b92 27.26MB / 85.80MB 81.0s
#4 sha256:6494e4811622b31c027ccac322ca463937fd805f569a93e6f15c01aade718793 29.36MB / 54.57MB 84.7s
#4 sha256:0e29546d541cdbd309281d21a73a9d1db78665c1b95b74f32b009e0b77a6e1e3 46.14MB / 54.92MB 85.2s
#4 sha256:6e1d20a8313edd44a36cb9198f4d11ac5eedb41d1faf5e8a33c5a0a5a25d2b92 29.36MB / 85.80MB 86.1s
#4 sha256:6494e4811622b31c027ccac322ca463937fd805f569a93e6f15c01aade718793 30.41MB / 54.57MB 89.7s
#4 sha256:0e29546d541cdbd309281d21a73a9d1db78665c1b95b74f32b009e0b77a6e1e3 47.19MB / 54.92MB 90.3s
#4 sha256:6e1d20a8313edd44a36cb9198f4d11ac5eedb41d1faf5e8a33c5a0a5a25d2b92 30.41MB / 85.80MB 91.2s
#4 sha256:6494e4811622b31c027ccac322ca463937fd805f569a93e6f15c01aade718793 30.41MB / 54.57MB 94.7s
#4 sha256:0e29546d541cdbd309281d21a73a9d1db78665c1b95b74f32b009e0b77a6e1e3 48.23MB / 54.92MB 95.4s
#4 sha256:6e1d20a8313edd44a36cb9198f4d11ac5eedb41d1faf5e8a33c5a0a5a25d2b92 32.51MB / 85.80MB 96.2s
#4 sha256:6494e4811622b31c027ccac322ca463937fd805f569a93e6f15c01aade718793 31.46MB / 54.57MB 99.7s
#4 sha256:0e29546d541cdbd309281d21a73a9d1db78665c1b95b74f32b009e0b77a6e1e3 50.33MB / 54.92MB 100.5s
#4 sha256:6e1d20a8313edd44a36cb9198f4d11ac5eedb41d1faf5e8a33c5a0a5a25d2b92 34.60MB / 85.80MB 101.2s
#4 sha256:6494e4811622b31c027ccac322ca463937fd805f569a93e6f15c01aade718793 34.60MB / 54.57MB 104.2s
#4 sha256:0e29546d541cdbd309281d21a73a9d1db78665c1b95b74f32b009e0b77a6e1e3 52.43MB / 54.92MB 105.6s
#4 sha256:6e1d20a8313edd44a36cb9198f4d11ac5eedb41d1faf5e8a33c5a0a5a25d2b92 37.75MB / 85.80MB 106.2s
#4 sha256:6494e4811622b31c027ccac322ca463937fd805f569a93e6f15c01aade718793 35.65MB / 54.57MB 109.4s
#4 sha256:0e29546d541cdbd309281d21a73a9d1db78665c1b95b74f32b009e0b77a6e1e3 53.48MB / 54.92MB 110.6s
#4 sha256:6e1d20a8313edd44a36cb9198f4d11ac5eedb41d1faf5e8a33c5a0a5a25d2b92 38.80MB / 85.80MB 111.4s
#4 sha256:0e29546d541cdbd309281d21a73a9d1db78665c1b95b74f32b009e0b77a6e1e3 54.92MB / 54.92MB 111.5s done
#4 sha256:593823f101dcd9f20536348ad760ff593d83bb7ca26d99abeb0a0ecfeb6955ba 0B / 134.81MB 112.1s
#4 sha256:6494e4811622b31c027ccac322ca463937fd805f569a93e6f15c01aade718793 38.80MB / 54.57MB 113.3s
#4 extracting sha256:0e29546d541cdbd309281d21a73a9d1db78665c1b95b74f32b009e0b77a6e1e3 0.2s
#4 sha256:6e1d20a8313edd44a36cb9198f4d11ac5eedb41d1faf5e8a33c5a0a5a25d2b92 44.04MB / 85.80MB 115.5s
#4 sha256:593823f101dcd9f20536348ad760ff593d83bb7ca26d99abeb0a0ecfeb6955ba 0B / 134.81MB 117.1s
#4 sha256:6494e4811622b31c027ccac322ca463937fd805f569a93e6f15c01aade718793 40.89MB / 54.57MB 118.3s
#4 extracting sha256:0e29546d541cdbd309281d21a73a9d1db78665c1b95b74f32b009e0b77a6e1e3 5.2s
#4 sha256:6e1d20a8313edd44a36cb9198f4d11ac5eedb41d1faf5e8a33c5a0a5a25d2b92 45.09MB / 85.80MB 120.6s
#4 sha256:593823f101dcd9f20536348ad760ff593d83bb7ca26d99abeb0a0ecfeb6955ba 1.05MB / 134.81MB 122.1s
#4 sha256:6494e4811622b31c027ccac322ca463937fd805f569a93e6f15c01aade718793 41.94MB / 54.57MB 123.4s
#4 sha256:6e1d20a8313edd44a36cb9198f4d11ac5eedb41d1faf5e8a33c5a0a5a25d2b92 46.16MB / 85.80MB 125.7s
#4 sha256:593823f101dcd9f20536348ad760ff593d83bb7ca26d99abeb0a0ecfeb6955ba 3.15MB / 134.81MB 127.3s
#4 sha256:6494e4811622b31c027ccac322ca463937fd805f569a93e6f15c01aade718793 42.99MB / 54.57MB 128.6s
#4 extracting sha256:0e29546d541cdbd309281d21a73a9d1db78665c1b95b74f32b009e0b77a6e1e3 14.7s
#4 sha256:6e1d20a8313edd44a36cb9198f4d11ac5eedb41d1faf5e8a33c5a0a5a25d2b92 47.98MB / 85.80MB 130.8s
#4 sha256:593823f101dcd9f20536348ad760ff593d83bb7ca26d99abeb0a0ecfeb6955ba 5.24MB / 134.81MB 132.6s
#4 sha256:6494e4811622b31c027ccac322ca463937fd805f569a93e6f15c01aade718793 45.09MB / 54.57MB 133.7s
#4 extracting sha256:0e29546d541cdbd309281d21a73a9d1db78665c1b95b74f32b009e0b77a6e1e3 19.8s
#4 sha256:6e1d20a8313edd44a36cb9198f4d11ac5eedb41d1faf5e8a33c5a0a5a25d2b92 49.28MB / 85.80MB 136.0s
#4 sha256:593823f101dcd9f20536348ad760ff593d83bb7ca26d99abeb0a0ecfeb6955ba 7.34MB / 134.81MB 137.7s
#4 sha256:6494e4811622b31c027ccac322ca463937fd805f569a93e6f15c01aade718793 47.19MB / 54.57MB 138.8s
#4 extracting sha256:0e29546d541cdbd309281d21a73a9d1db78665c1b95b74f32b009e0b77a6e1e3 23.9s done
#4 sha256:6e1d20a8313edd44a36cb9198f4d11ac5eedb41d1faf5e8a33c5a0a5a25d2b92 51.38MB / 85.80MB 141.1s
#4 sha256:593823f101dcd9f20536348ad760ff593d83bb7ca26d99abeb0a0ecfeb6955ba 8.39MB / 134.81MB 142.8s
#4 extracting sha256:9b829c73b52b92b97d5c07a54fb0f3e921995a296c714b53a32ae67d19231fcd 0.1s
#4 sha256:6494e4811622b31c027ccac322ca463937fd805f569a93e6f15c01aade718793 47.19MB / 54.57MB 143.8s
#4 extracting sha256:9b829c73b52b92b97d5c07a54fb0f3e921995a296c714b53a32ae67d19231fcd 0.9s done
#4 extracting sha256:cb5b7ae361722f070eca53f35823ed21baa85d61d5d95cd5a95ab53d740cdd56
#4 sha256:6e1d20a8313edd44a36cb9198f4d11ac5eedb41d1faf5e8a33c5a0a5a25d2b92 51.38MB / 85.80MB 146.2s
#4 extracting sha256:cb5b7ae361722f070eca53f35823ed21baa85d61d5d95cd5a95ab53d740cdd56 1.2s done
#4 sha256:593823f101dcd9f20536348ad760ff593d83bb7ca26d99abeb0a0ecfeb6955ba 8.39MB / 134.81MB 147.8s
#4 sha256:6494e4811622b31c027ccac322ca463937fd805f569a93e6f15c01aade718793 47.19MB / 54.57MB 148.9s
#4 sha256:6e1d20a8313edd44a36cb9198f4d11ac5eedb41d1faf5e8a33c5a0a5a25d2b92 51.38MB / 85.80MB 151.4s
#4 sha256:593823f101dcd9f20536348ad760ff593d83bb7ca26d99abeb0a0ecfeb6955ba 8.39MB / 134.81MB 152.9s
#4 sha256:6494e4811622b31c027ccac322ca463937fd805f569a93e6f15c01aade718793 49.28MB / 54.57MB 154.1s
#4 sha256:6e1d20a8313edd44a36cb9198f4d11ac5eedb41d1faf5e8a33c5a0a5a25d2b92 52.43MB / 85.80MB 156.5s
#4 sha256:593823f101dcd9f20536348ad760ff593d83bb7ca26d99abeb0a0ecfeb6955ba 9.44MB / 134.81MB 158.1s
#4 sha256:6494e4811622b31c027ccac322ca463937fd805f569a93e6f15c01aade718793 50.33MB / 54.57MB 159.2s
#4 sha256:6e1d20a8313edd44a36cb9198f4d11ac5eedb41d1faf5e8a33c5a0a5a25d2b92 53.48MB / 85.80MB 161.6s
#4 sha256:593823f101dcd9f20536348ad760ff593d83bb7ca26d99abeb0a0ecfeb6955ba 10.49MB / 134.81MB 163.2s
#4 sha256:6494e4811622b31c027ccac322ca463937fd805f569a93e6f15c01aade718793 51.38MB / 54.57MB 164.2s
#4 sha256:6e1d20a8313edd44a36cb9198f4d11ac5eedb41d1faf5e8a33c5a0a5a25d2b92 55.57MB / 85.80MB 166.7s
#4 sha256:593823f101dcd9f20536348ad760ff593d83bb7ca26d99abeb0a0ecfeb6955ba 10.49MB / 134.81MB 168.2s
#4 sha256:6494e4811622b31c027ccac322ca463937fd805f569a93e6f15c01aade718793 53.48MB / 54.57MB 169.3s
#4 sha256:6494e4811622b31c027ccac322ca463937fd805f569a93e6f15c01aade718793 54.57MB / 54.57MB 170.7s done
#4 extracting sha256:6494e4811622b31c027ccac322ca463937fd805f569a93e6f15c01aade718793
#4 sha256:1b4aae56cdbe63d04c5a44cec0c4cdf9dc1efb3cac8a4102c8cc618086809b72 0B / 155B 171.5s
#4 sha256:6e1d20a8313edd44a36cb9198f4d11ac5eedb41d1faf5e8a33c5a0a5a25d2b92 58.72MB / 85.80MB 171.7s
#4 sha256:593823f101dcd9f20536348ad760ff593d83bb7ca26d99abeb0a0ecfeb6955ba 11.53MB / 134.81MB 173.2s
#4 sha256:1b4aae56cdbe63d04c5a44cec0c4cdf9dc1efb3cac8a4102c8cc618086809b72 155B / 155B 174.2s
#4 sha256:1b4aae56cdbe63d04c5a44cec0c4cdf9dc1efb3cac8a4102c8cc618086809b72 155B / 155B 174.3s done
#4 extracting sha256:6494e4811622b31c027ccac322ca463937fd805f569a93e6f15c01aade718793 5.1s
#4 sha256:6e1d20a8313edd44a36cb9198f4d11ac5eedb41d1faf5e8a33c5a0a5a25d2b92 61.87MB / 85.80MB 176.7s
#4 sha256:593823f101dcd9f20536348ad760ff593d83bb7ca26d99abeb0a0ecfeb6955ba 12.58MB / 134.81MB 178.3s
#4 extracting sha256:6494e4811622b31c027ccac322ca463937fd805f569a93e6f15c01aade718793 10.1s
#4 sha256:6e1d20a8313edd44a36cb9198f4d11ac5eedb41d1faf5e8a33c5a0a5a25d2b92 63.96MB / 85.80MB 181.9s
#4 extracting sha256:6494e4811622b31c027ccac322ca463937fd805f569a93e6f15c01aade718793 11.8s done
#4 sha256:593823f101dcd9f20536348ad760ff593d83bb7ca26d99abeb0a0ecfeb6955ba 13.63MB / 134.81MB 183.4s
#4 sha256:6e1d20a8313edd44a36cb9198f4d11ac5eedb41d1faf5e8a33c5a0a5a25d2b92 68.16MB / 85.80MB 187.1s
#4 sha256:593823f101dcd9f20536348ad760ff593d83bb7ca26d99abeb0a0ecfeb6955ba 15.73MB / 134.81MB 188.5s
#4 sha256:6e1d20a8313edd44a36cb9198f4d11ac5eedb41d1faf5e8a33c5a0a5a25d2b92 72.35MB / 85.80MB 192.2s
#4 sha256:593823f101dcd9f20536348ad760ff593d83bb7ca26d99abeb0a0ecfeb6955ba 18.87MB / 134.81MB 193.6s
#4 sha256:6e1d20a8313edd44a36cb9198f4d11ac5eedb41d1faf5e8a33c5a0a5a25d2b92 74.45MB / 85.80MB 197.4s
#4 sha256:593823f101dcd9f20536348ad760ff593d83bb7ca26d99abeb0a0ecfeb6955ba 20.97MB / 134.81MB 198.7s
#4 sha256:6e1d20a8313edd44a36cb9198f4d11ac5eedb41d1faf5e8a33c5a0a5a25d2b92 75.50MB / 85.80MB 202.5s
#4 sha256:593823f101dcd9f20536348ad760ff593d83bb7ca26d99abeb0a0ecfeb6955ba 23.07MB / 134.81MB 203.8s
#4 sha256:6e1d20a8313edd44a36cb9198f4d11ac5eedb41d1faf5e8a33c5a0a5a25d2b92 78.64MB / 85.80MB 207.6s
#4 sha256:593823f101dcd9f20536348ad760ff593d83bb7ca26d99abeb0a0ecfeb6955ba 24.12MB / 134.81MB 208.9s
#4 sha256:6e1d20a8313edd44a36cb9198f4d11ac5eedb41d1faf5e8a33c5a0a5a25d2b92 79.69MB / 85.80MB 212.7s
#4 sha256:593823f101dcd9f20536348ad760ff593d83bb7ca26d99abeb0a0ecfeb6955ba 28.31MB / 134.81MB 213.9s
#4 sha256:6e1d20a8313edd44a36cb9198f4d11ac5eedb41d1faf5e8a33c5a0a5a25d2b92 80.74MB / 85.80MB 218.0s
#4 sha256:593823f101dcd9f20536348ad760ff593d83bb7ca26d99abeb0a0ecfeb6955ba 35.65MB / 134.81MB 218.6s
#4 sha256:6e1d20a8313edd44a36cb9198f4d11ac5eedb41d1faf5e8a33c5a0a5a25d2b92 81.79MB / 85.80MB 223.1s
#4 sha256:593823f101dcd9f20536348ad760ff593d83bb7ca26d99abeb0a0ecfeb6955ba 40.89MB / 134.81MB 223.6s
#4 sha256:6e1d20a8313edd44a36cb9198f4d11ac5eedb41d1faf5e8a33c5a0a5a25d2b92 82.84MB / 85.80MB 228.2s
#4 sha256:593823f101dcd9f20536348ad760ff593d83bb7ca26d99abeb0a0ecfeb6955ba 46.14MB / 134.81MB 228.6s
#4 sha256:6e1d20a8313edd44a36cb9198f4d11ac5eedb41d1faf5e8a33c5a0a5a25d2b92 84.93MB / 85.80MB 233.3s
#4 sha256:593823f101dcd9f20536348ad760ff593d83bb7ca26d99abeb0a0ecfeb6955ba 52.43MB / 134.81MB 233.7s
#4 sha256:6e1d20a8313edd44a36cb9198f4d11ac5eedb41d1faf5e8a33c5a0a5a25d2b92 85.80MB / 85.80MB 234.8s done
#4 extracting sha256:6e1d20a8313edd44a36cb9198f4d11ac5eedb41d1faf5e8a33c5a0a5a25d2b92
#4 sha256:593823f101dcd9f20536348ad760ff593d83bb7ca26d99abeb0a0ecfeb6955ba 56.62MB / 134.81MB 238.9s
#4 extracting sha256:6e1d20a8313edd44a36cb9198f4d11ac5eedb41d1faf5e8a33c5a0a5a25d2b92 5.1s
#4 sha256:593823f101dcd9f20536348ad760ff593d83bb7ca26d99abeb0a0ecfeb6955ba 58.72MB / 134.81MB 243.9s
#4 extracting sha256:6e1d20a8313edd44a36cb9198f4d11ac5eedb41d1faf5e8a33c5a0a5a25d2b92 10.2s
#4 sha256:593823f101dcd9f20536348ad760ff593d83bb7ca26d99abeb0a0ecfeb6955ba 59.93MB / 134.81MB 249.1s
#4 extracting sha256:6e1d20a8313edd44a36cb9198f4d11ac5eedb41d1faf5e8a33c5a0a5a25d2b92 15.3s
#4 extracting sha256:6e1d20a8313edd44a36cb9198f4d11ac5eedb41d1faf5e8a33c5a0a5a25d2b92 15.8s done
#4 sha256:593823f101dcd9f20536348ad760ff593d83bb7ca26d99abeb0a0ecfeb6955ba 63.96MB / 134.81MB 254.2s
#4 sha256:593823f101dcd9f20536348ad760ff593d83bb7ca26d99abeb0a0ecfeb6955ba 67.11MB / 134.81MB 259.2s
#4 sha256:593823f101dcd9f20536348ad760ff593d83bb7ca26d99abeb0a0ecfeb6955ba 67.11MB / 134.81MB 264.3s
#4 sha256:593823f101dcd9f20536348ad760ff593d83bb7ca26d99abeb0a0ecfeb6955ba 67.11MB / 134.81MB 269.4s
#4 sha256:593823f101dcd9f20536348ad760ff593d83bb7ca26d99abeb0a0ecfeb6955ba 67.11MB / 134.81MB 274.4s
#4 sha256:593823f101dcd9f20536348ad760ff593d83bb7ca26d99abeb0a0ecfeb6955ba 67.11MB / 134.81MB 279.4s
#4 sha256:593823f101dcd9f20536348ad760ff593d83bb7ca26d99abeb0a0ecfeb6955ba 74.45MB / 134.81MB 283.8s
#4 sha256:593823f101dcd9f20536348ad760ff593d83bb7ca26d99abeb0a0ecfeb6955ba 81.79MB / 134.81MB 287.6s
#4 sha256:593823f101dcd9f20536348ad760ff593d83bb7ca26d99abeb0a0ecfeb6955ba 89.13MB / 134.81MB 290.8s
#4 sha256:593823f101dcd9f20536348ad760ff593d83bb7ca26d99abeb0a0ecfeb6955ba 96.47MB / 134.81MB 294.1s
#4 sha256:593823f101dcd9f20536348ad760ff593d83bb7ca26d99abeb0a0ecfeb6955ba 103.81MB / 134.81MB 298.9s
#4 sha256:593823f101dcd9f20536348ad760ff593d83bb7ca26d99abeb0a0ecfeb6955ba 111.15MB / 134.81MB 303.3s
#4 sha256:593823f101dcd9f20536348ad760ff593d83bb7ca26d99abeb0a0ecfeb6955ba 118.49MB / 134.81MB 306.6s
#4 sha256:593823f101dcd9f20536348ad760ff593d83bb7ca26d99abeb0a0ecfeb6955ba 125.83MB / 134.81MB 310.6s
#4 sha256:593823f101dcd9f20536348ad760ff593d83bb7ca26d99abeb0a0ecfeb6955ba 126.88MB / 134.81MB 315.6s
#4 sha256:593823f101dcd9f20536348ad760ff593d83bb7ca26d99abeb0a0ecfeb6955ba 131.07MB / 134.81MB 320.7s
#4 sha256:593823f101dcd9f20536348ad760ff593d83bb7ca26d99abeb0a0ecfeb6955ba 133.17MB / 134.81MB 325.9s
#4 sha256:593823f101dcd9f20536348ad760ff593d83bb7ca26d99abeb0a0ecfeb6955ba 134.81MB / 134.81MB 330.7s done
#4 extracting sha256:593823f101dcd9f20536348ad760ff593d83bb7ca26d99abeb0a0ecfeb6955ba 0.1s
#4 extracting sha256:593823f101dcd9f20536348ad760ff593d83bb7ca26d99abeb0a0ecfeb6955ba 5.5s
#4 extracting sha256:593823f101dcd9f20536348ad760ff593d83bb7ca26d99abeb0a0ecfeb6955ba 10.6s
#4 extracting sha256:593823f101dcd9f20536348ad760ff593d83bb7ca26d99abeb0a0ecfeb6955ba 15.7s
#4 extracting sha256:593823f101dcd9f20536348ad760ff593d83bb7ca26d99abeb0a0ecfeb6955ba 20.8s
#4 extracting sha256:593823f101dcd9f20536348ad760ff593d83bb7ca26d99abeb0a0ecfeb6955ba 25.8s
#4 extracting sha256:593823f101dcd9f20536348ad760ff593d83bb7ca26d99abeb0a0ecfeb6955ba 30.9s
#4 extracting sha256:593823f101dcd9f20536348ad760ff593d83bb7ca26d99abeb0a0ecfeb6955ba 37.9s
#4 extracting sha256:593823f101dcd9f20536348ad760ff593d83bb7ca26d99abeb0a0ecfeb6955ba 44.1s
#4 extracting sha256:593823f101dcd9f20536348ad760ff593d83bb7ca26d99abeb0a0ecfeb6955ba 44.3s done
#4 extracting sha256:1b4aae56cdbe63d04c5a44cec0c4cdf9dc1efb3cac8a4102c8cc618086809b72 0.0s done
#4 DONE 419.8s

#5 [2/7] RUN echo "Installing from source.  -- "
#5 sha256:3a031cd7c8e3784138ad9f93d2ce6268cadd4887b72edad10c5aa78a04b4b149
#5 46.03 Installing from source.  -- 
#5 DONE 48.9s

#6 [3/7] RUN apt-get update && apt-get install -y apt-utils curl git git-core bsdmainutils python3
#6 sha256:4b62e361a350a290e2358c84da2455ec521ab4f1b728d214994bc39889b7262e
#6 14.63 Get:1 http://deb.debian.org/debian bullseye InRelease [116 kB]
#6 14.64 Get:2 http://security.debian.org/debian-security bullseye-security InRelease [48.4 kB]
#6 15.31 Get:3 http://deb.debian.org/debian bullseye-updates InRelease [44.1 kB]
#6 15.68 Get:4 http://security.debian.org/debian-security bullseye-security/main amd64 Packages [184 kB]
#6 16.07 Get:5 http://deb.debian.org/debian bullseye/main amd64 Packages [8184 kB]
#6 21.37 Get:6 http://deb.debian.org/debian bullseye-updates/main amd64 Packages [2596 B]
#6 23.52 Fetched 8578 kB in 14s (627 kB/s)
#6 23.52 Reading package lists...
#6 25.75 Reading package lists...
#6 27.02 Building dependency tree...
#6 27.59 Reading state information...
#6 28.46 git is already the newest version (1:2.30.2-1).
#6 28.46 python3 is already the newest version (3.9.2-3).
#6 28.46 python3 set to manually installed.
#6 28.46 The following additional packages will be installed:
#6 28.47   bsdextrautils libcurl4 ncal
#6 28.47 Suggested packages:
#6 28.47   calendar whois vacation mailutils
#6 28.60 The following NEW packages will be installed:
#6 28.61   apt-utils bsdextrautils bsdmainutils ncal
#6 28.62 The following packages will be upgraded:
#6 28.62   curl libcurl4
#6 29.02 2 upgraded, 4 newly installed, 0 to remove and 53 not upgraded.
#6 29.02 Need to get 1246 kB of archives.
#6 29.02 After this operation, 1693 kB of additional disk space will be used.
#6 29.02 Get:1 http://deb.debian.org/debian bullseye/main amd64 bsdextrautils amd64 2.36.1-8+deb11u1 [145 kB]
#6 29.59 Get:2 http://deb.debian.org/debian bullseye/main amd64 apt-utils amd64 2.2.4 [439 kB]
#6 30.05 Get:3 http://deb.debian.org/debian bullseye/main amd64 ncal amd64 12.1.7+nmu3 [30.1 kB]
#6 30.14 Get:4 http://deb.debian.org/debian bullseye/main amd64 bsdmainutils all 12.1.7+nmu3 [16.4 kB]
#6 30.14 Get:5 http://deb.debian.org/debian bullseye/main amd64 curl amd64 7.74.0-1.3+deb11u3 [269 kB]
#6 30.22 Get:6 http://deb.debian.org/debian bullseye/main amd64 libcurl4 amd64 7.74.0-1.3+deb11u3 [345 kB]
#6 32.49 debconf: delaying package configuration, since apt-utils is not installed
#6 35.31 Fetched 1246 kB in 2s (728 kB/s)
#6 41.16 Selecting previously unselected package bsdextrautils.
#6 41.16 (Reading database ... (Reading database ... 5%(Reading database ... 10%(Reading database ... 15%(Reading database ... 20%(Reading database ... 25%(Reading database ... 30%(Reading database ... 35%(Reading database ... 40%(Reading database ... 45%(Reading database ... 50%(Reading database ... 55%(Reading database ... 60%(Reading database ... 65%(Reading database ... 70%(Reading database ... 75%(Reading database ... 80%(Reading database ... 85%(Reading database ... 90%(Reading database ... 95%(Reading database ... 100%(Reading database ... 15709 files and directories currently installed.)
#6 42.32 Preparing to unpack .../0-bsdextrautils_2.36.1-8+deb11u1_amd64.deb ...
#6 44.41 Unpacking bsdextrautils (2.36.1-8+deb11u1) ...
#6 51.96 Selecting previously unselected package apt-utils.
#6 51.96 Preparing to unpack .../1-apt-utils_2.2.4_amd64.deb ...
#6 55.03 Unpacking apt-utils (2.2.4) ...
#6 59.96 Selecting previously unselected package ncal.
#6 59.97 Preparing to unpack .../2-ncal_12.1.7+nmu3_amd64.deb ...
#6 62.60 Unpacking ncal (12.1.7+nmu3) ...
#6 69.66 Selecting previously unselected package bsdmainutils.
#6 69.66 Preparing to unpack .../3-bsdmainutils_12.1.7+nmu3_all.deb ...
#6 71.00 Unpacking bsdmainutils (12.1.7+nmu3) ...
#6 76.02 Preparing to unpack .../4-curl_7.74.0-1.3+deb11u3_amd64.deb ...
#6 78.94 Unpacking curl (7.74.0-1.3+deb11u3) over (7.74.0-1.3+deb11u1) ...
#6 85.53 Preparing to unpack .../5-libcurl4_7.74.0-1.3+deb11u3_amd64.deb ...
#6 88.02 Unpacking libcurl4:amd64 (7.74.0-1.3+deb11u3) over (7.74.0-1.3+deb11u1) ...
#6 94.11 Setting up apt-utils (2.2.4) ...
#6 95.23 Setting up bsdextrautils (2.36.1-8+deb11u1) ...
#6 96.18 update-alternatives: using /usr/bin/write.ul to provide /usr/bin/write (write) in auto mode
#6 96.49 Setting up ncal (12.1.7+nmu3) ...
#6 98.16 Setting up bsdmainutils (12.1.7+nmu3) ...
#6 99.55 Setting up libcurl4:amd64 (7.74.0-1.3+deb11u3) ...
#6 100.6 Setting up curl (7.74.0-1.3+deb11u3) ...
#6 101.9 Processing triggers for libc-bin (2.31-13+deb11u2) ...
#6 DONE 107.0s

#8 [4/7] COPY . /tmp
#8 sha256:0fcb47a35406541df5720531d2b97294e6b32f9cc726b7e361a5a8bef24ae398
#8 DONE 8.1s

#9 [5/7] RUN /tmp/images/algod/install.sh     -d "/node"     -c "stable"     -u ""     -b ""     -s ""
#9 sha256:e7692022218f341113732acd5cc7c8d048b7f310a06525514f5172f146e7322f
#9 9.479 /tmp/images/algod /go
#9 9.479 Installing algod with options:
#9 9.479   BINDIR = /node
#9 9.479   CHANNEL = stable
#9 9.479   URL = 
#9 9.479   BRANCH = 
#9 9.479   SHA = 
#9 9.617 Current Version = 0
#9 23.29 updater binary was installed at /tmp/images/algod/updater
#9 25.00 Latest Version = 12885491716
#9 25.00 New version found
#9 25.02 Checking for files matching: 'channel/stable/node_stable_linux-amd64_' in bucket algorand-releases
#9 145.0 Update Downloaded to /tmp/tmp.SmHbJpttuh/12885491716.tar.gz
#9 145.0 Expanding update...
#9 152.8 Validating update...
#9 152.8 Starting the new update script to complete the installation...
#9 153.0 ... Resuming installation from the latest update script
#9 153.0 Current Version = 0
#9 153.0 Backing up current binary files...
#9 153.0 Backing up current data files from /node/data...
#9 153.0 Installing new binary files...
#9 161.8 Installing new data files into /node/data...
#9 161.8 Copying genesis files locally
#9 161.8 Checking for new ledger in /node/data
#9 162.5 Cannot read genesis file /node/data/genesis.json: open /node/data/genesis.json: no such file or directory
#9 162.5 Updating genesis files for default network
#9 163.8 New genesis ID, resetting wallets
#9 163.8 New Ledger - restoring genesis accounts in /node/data
#9 163.8 New Ledger - importing rootkeys for genesis accounts
#9 165.1 Imported 0 keys
#9 165.1 Applying migration fixups...
#9 165.2 Deleting existing log files in /node/data
#9 165.2 Install complete - restart node manually
#9 DONE 225.8s

#10 [6/7] RUN sed -i "s/NETWORK_NUM_ROUNDS/30000/" "//tmp/images/algod/template.json" &&  /tmp/images/algod/setup.py  --bin-dir "/node"  --data-dir "/opt/data"  --start-script "/opt/start_algod.sh"  --network-dir "/opt/testnetwork"  --network-template "//tmp/images/algod/template.json"  --network-token "aaaaaaaaaaaaaaaaaaaaaaaaaaaaaaaaaaaaaaaaaaaaaaaaaaaaaaaaaaaaaaaa"  --algod-port "4001"  --kmd-port "4002"  --bootstrap-url "<network>.algorand.network"  --genesis-file "/tmp/genesis/testnet/genesis.json"  --archival ""
#10 sha256:0a7386bd7042e476d42f5715a8bef13b5cf459a5868150723ba0437682670624
#10 19.54 Configuring network with the following arguments:
#10 19.54 {   'algod_port': '4001',
#10 19.54     'archival': False,
#10 19.54     'bin_dir': '/node',
#10 19.54     'bootstrap_url': '<network>.algorand.network',
#10 19.54     'data_dir': '/opt/data',
#10 19.54     'genesis_file': '/tmp/genesis/testnet/genesis.json',
#10 19.54     'kmd_port': '4002',
#10 19.54     'network_dir': '/opt/testnetwork',
#10 19.54     'network_template': '//tmp/images/algod/template.json',
#10 19.54     'network_token': 'aaaaaaaaaaaaaaaaaaaaaaaaaaaaaaaaaaaaaaaaaaaaaaaaaaaaaaaaaaaaaaaa',
#10 19.54     'start_script': '/opt/start_algod.sh'}
#10 19.54 Setting up real retwork.
#10 19.54 Start commands for /opt/start_algod.sh:
#10 19.54 ("startCommands=['/node/goal node start -d /opt/testnetwork/Node', '/node/kmd "
#10 19.54  "start -t 0 -d /opt/testnetwork/Node/kmd-v0.5']")
#10 19.54 Finished preparing start script '/opt/start_algod.sh' under /opt/
#10 19.54 Creating symlink /opt/data -> /opt/testnetwork/Node
#10 19.54 writing to node_config_path=[/opt/testnetwork/Node/config.json] config json: { "Version": 12, "GossipFanout": 1, "EndpointAddress": "0.0.0.0:4001", "DNSBootstrapID": "<network>.algorand.network", "IncomingConnectionsLimit": 0, "Archival":false, "isIndexerActive":false, "EnableDeveloperAPI":true }
#10 19.54 writing to kmd_config_path=[/opt/testnetwork/Node/kmd-v0.5/kmd_config.json] config json: { "address":"0.0.0.0:4002",  "allowed_origins":["*"] }
#10 DONE 27.6s

#11 [7/7] WORKDIR /opt/data
#11 sha256:abb42757e13147018852cf3a06d02aaa8b61b0cd7d91c5482adfe2ee818e7b25
#11 DONE 11.2s

#12 exporting to image
#12 sha256:e8c613e07b0b7ff33893b694f7759a10d42e180f2b4dc349fb57dc6b71dcab00
#12 exporting layers
#12 exporting layers 30.9s done
#12 writing image sha256:c9e17ed1ac7508c0098105f4725cebc14cc6470b4d7061169526a87dcfb784a1
#12 writing image sha256:c9e17ed1ac7508c0098105f4725cebc14cc6470b4d7061169526a87dcfb784a1 3.5s done
#12 naming to docker.io/library/sandbox_algod
#12 naming to docker.io/library/sandbox_algod 2.7s done
#12 DONE 47.4s

Use 'docker scan' to run Snyk tests against images to find vulnerabilities and learn how to fix them
Image for service algod was built because it did not already exist. To rebuild this image you must use `docker-compose build` or `docker-compose up --build`.
Pulling indexer-db (postgres:13-alpine)...
Traceback (most recent call last):
  File "docker\credentials\store.py", line 79, in _execute
  File "subprocess.py", line 420, in check_output
  File "subprocess.py", line 524, in run
subprocess.CalledProcessError: Command '['C:\\Program Files\\Docker\\Docker\\resources\\bin\\docker-credential-desktop.EXE', 'get']' returned non-zero exit status 3221225794.

During handling of the above exception, another exception occurred:

Traceback (most recent call last):
  File "docker\auth.py", line 264, in _resolve_authconfig_credstore
  File "docker\credentials\store.py", line 35, in get
  File "docker\credentials\store.py", line 93, in _execute
docker.credentials.errors.StoreError: Credentials store docker-credential-desktop exited with "".

During handling of the above exception, another exception occurred:

Traceback (most recent call last):
  File "docker-compose", line 3, in <module>
  File "compose\cli\main.py", line 81, in main
  File "compose\cli\main.py", line 203, in perform_command
  File "compose\metrics\decorator.py", line 18, in wrapper
  File "compose\cli\main.py", line 1186, in up
  File "compose\cli\main.py", line 1166, in up
  File "compose\project.py", line 664, in up
  File "compose\service.py", line 358, in ensure_image_exists
  File "compose\service.py", line 1251, in pull
  File "compose\progress_stream.py", line 99, in get_digest_from_pull
  File "compose\service.py", line 1218, in _do_pull
  File "docker\api\image.py", line 411, in pull
  File "docker\auth.py", line 47, in get_config_header
  File "docker\auth.py", line 324, in resolve_authconfig
  File "docker\auth.py", line 235, in resolve_authconfig
  File "docker\auth.py", line 280, in _resolve_authconfig_credstore
docker.errors.DockerException: Credentials store error: StoreError('Credentials store docker-credential-desktop exited with "".')
[15200] Failed to execute script docker-compose
* docker compose up -d
[208] Failed to execute script docker-compose
Traceback (most recent call last):
  File "urllib3/connectionpool.py", line 677, in urlopen
  File "urllib3/connectionpool.py", line 392, in _make_request
  File "http/client.py", line 1277, in request
  File "http/client.py", line 1323, in _send_request
  File "http/client.py", line 1272, in endheaders
  File "http/client.py", line 1032, in _send_output
  File "http/client.py", line 972, in send
  File "docker/transport/unixconn.py", line 43, in connect
PermissionError: [Errno 13] Permission denied

During handling of the above exception, another exception occurred:

Traceback (most recent call last):
  File "requests/adapters.py", line 449, in send
  File "urllib3/connectionpool.py", line 727, in urlopen
  File "urllib3/util/retry.py", line 410, in increment
  File "urllib3/packages/six.py", line 734, in reraise
  File "urllib3/connectionpool.py", line 677, in urlopen
  File "urllib3/connectionpool.py", line 392, in _make_request
  File "http/client.py", line 1277, in request
  File "http/client.py", line 1323, in _send_request
  File "http/client.py", line 1272, in endheaders
  File "http/client.py", line 1032, in _send_output
  File "http/client.py", line 972, in send
  File "docker/transport/unixconn.py", line 43, in connect
urllib3.exceptions.ProtocolError: ('Connection aborted.', PermissionError(13, 'Permission denied'))

During handling of the above exception, another exception occurred:

Traceback (most recent call last):
  File "docker/api/client.py", line 214, in _retrieve_server_version
  File "docker/api/daemon.py", line 181, in version
  File "docker/utils/decorators.py", line 46, in inner
  File "docker/api/client.py", line 237, in _get
  File "requests/sessions.py", line 543, in get
  File "requests/sessions.py", line 530, in request
  File "requests/sessions.py", line 643, in send
  File "requests/adapters.py", line 498, in send
requests.exceptions.ConnectionError: ('Connection aborted.', PermissionError(13, 'Permission denied'))

During handling of the above exception, another exception occurred:

Traceback (most recent call last):
  File "docker-compose", line 3, in <module>
  File "compose/cli/main.py", line 81, in main
  File "compose/cli/main.py", line 200, in perform_command
  File "compose/cli/command.py", line 70, in project_from_options
  File "compose/cli/command.py", line 153, in get_project
  File "compose/cli/docker_client.py", line 43, in get_client
  File "compose/cli/docker_client.py", line 170, in docker_client
  File "docker/api/client.py", line 197, in __init__
  File "docker/api/client.py", line 222, in _retrieve_server_version
docker.errors.DockerException: Error while fetching server API version: ('Connection aborted.', PermissionError(13, 'Permission denied'))
* docker compose up -d
[582] Failed to execute script docker-compose
Traceback (most recent call last):
  File "urllib3/connectionpool.py", line 677, in urlopen
  File "urllib3/connectionpool.py", line 392, in _make_request
  File "http/client.py", line 1277, in request
  File "http/client.py", line 1323, in _send_request
  File "http/client.py", line 1272, in endheaders
  File "http/client.py", line 1032, in _send_output
  File "http/client.py", line 972, in send
  File "docker/transport/unixconn.py", line 43, in connect
PermissionError: [Errno 13] Permission denied

During handling of the above exception, another exception occurred:

Traceback (most recent call last):
  File "requests/adapters.py", line 449, in send
  File "urllib3/connectionpool.py", line 727, in urlopen
  File "urllib3/util/retry.py", line 410, in increment
  File "urllib3/packages/six.py", line 734, in reraise
  File "urllib3/connectionpool.py", line 677, in urlopen
  File "urllib3/connectionpool.py", line 392, in _make_request
  File "http/client.py", line 1277, in request
  File "http/client.py", line 1323, in _send_request
  File "http/client.py", line 1272, in endheaders
  File "http/client.py", line 1032, in _send_output
  File "http/client.py", line 972, in send
  File "docker/transport/unixconn.py", line 43, in connect
urllib3.exceptions.ProtocolError: ('Connection aborted.', PermissionError(13, 'Permission denied'))

During handling of the above exception, another exception occurred:

Traceback (most recent call last):
  File "docker/api/client.py", line 214, in _retrieve_server_version
  File "docker/api/daemon.py", line 181, in version
  File "docker/utils/decorators.py", line 46, in inner
  File "docker/api/client.py", line 237, in _get
  File "requests/sessions.py", line 543, in get
  File "requests/sessions.py", line 530, in request
  File "requests/sessions.py", line 643, in send
  File "requests/adapters.py", line 498, in send
requests.exceptions.ConnectionError: ('Connection aborted.', PermissionError(13, 'Permission denied'))

During handling of the above exception, another exception occurred:

Traceback (most recent call last):
  File "docker-compose", line 3, in <module>
  File "compose/cli/main.py", line 81, in main
  File "compose/cli/main.py", line 200, in perform_command
  File "compose/cli/command.py", line 70, in project_from_options
  File "compose/cli/command.py", line 153, in get_project
  File "compose/cli/docker_client.py", line 43, in get_client
  File "compose/cli/docker_client.py", line 170, in docker_client
  File "docker/api/client.py", line 197, in __init__
  File "docker/api/client.py", line 222, in _retrieve_server_version
docker.errors.DockerException: Error while fetching server API version: ('Connection aborted.', PermissionError(13, 'Permission denied'))
* docker compose up -d
Pulling indexer-db (postgres:13-alpine)...
13-alpine: Pulling from library/postgres
Digest: sha256:fc3670fa23119159394dfdb98eee89b30ef5a506791aea6ff7d8a4e73a8cd4a4
Status: Downloaded newer image for postgres:13-alpine
Building indexer
#2 [internal] load build definition from Dockerfile
#2 sha256:0fb04508c22f8ce10b1e7b37cecb793b49989b4176ce836119b95c4088ce5ab4
#2 DONE 0.3s

#1 [internal] load .dockerignore
#1 sha256:d33be2487e97aa72295738ef7cd4e1ca2904f0a9b1c07eafcb02a3991e075127
#1 DONE 0.3s

#1 [internal] load .dockerignore
#1 sha256:d33be2487e97aa72295738ef7cd4e1ca2904f0a9b1c07eafcb02a3991e075127
#1 transferring context:
#1 transferring context: 73B 2.0s done
#1 ...

#2 [internal] load build definition from Dockerfile
#2 sha256:0fb04508c22f8ce10b1e7b37cecb793b49989b4176ce836119b95c4088ce5ab4
#2 transferring dockerfile: 617B 2.2s done
#2 DONE 10.8s

#1 [internal] load .dockerignore
#1 sha256:d33be2487e97aa72295738ef7cd4e1ca2904f0a9b1c07eafcb02a3991e075127
#1 DONE 12.2s

#3 [internal] load metadata for docker.io/library/golang:1.17.5-alpine
#3 sha256:c5a6873daf3fb7dd38e70ed2ade5ac5fa39f7e9ef58991080e8676a1a1285ee3
#3 DONE 24.6s

#7 [internal] load build context
#7 sha256:c92236f05686bb4ab082ca2be929ac3b33881f92c84e0a4cec47c8e3f993875e
#7 DONE 0.2s

#4 [1/7] FROM docker.io/library/golang:1.17.5-alpine@sha256:4918412049183afe42f1ecaf8f5c2a88917c2eab153ce5ecf4bf2d55c1507b74
#4 sha256:7dcb6d7d679c95a04b12c34ad95ed0ca31a85d0b74bdae00b8470796367e0c9d
#4 resolve docker.io/library/golang:1.17.5-alpine@sha256:4918412049183afe42f1ecaf8f5c2a88917c2eab153ce5ecf4bf2d55c1507b74
#4 resolve docker.io/library/golang:1.17.5-alpine@sha256:4918412049183afe42f1ecaf8f5c2a88917c2eab153ce5ecf4bf2d55c1507b74 1.3s done
#4 sha256:4918412049183afe42f1ecaf8f5c2a88917c2eab153ce5ecf4bf2d55c1507b74 1.65kB / 1.65kB done
#4 sha256:8474650232fca6807a8567151ee0a6bd2a54ea28cfc93f7824b42267ef4af693 1.36kB / 1.36kB done
#4 sha256:d8bf44a3f6b435c736d8b355ea32eb014508656504c77a3ecbc9378c84665762 5.20kB / 5.20kB done
#4 sha256:666ba61612fd7c93393f9a5bc1751d8a9929e32d51501dba691da9e8232bc87b 0B / 282.16kB 1.1s
#4 sha256:8ed8ca4862056a130f714accb3538decfa0663fec84e635d8b5a0a3305353dee 0B / 155B 2.6s
#4 sha256:666ba61612fd7c93393f9a5bc1751d8a9929e32d51501dba691da9e8232bc87b 282.16kB / 282.16kB 2.8s
#4 ...

#7 [internal] load build context
#7 sha256:c92236f05686bb4ab082ca2be929ac3b33881f92c84e0a4cec47c8e3f993875e
#7 transferring context: 3.71kB 0.6s done
#7 DONE 5.3s

#4 [1/7] FROM docker.io/library/golang:1.17.5-alpine@sha256:4918412049183afe42f1ecaf8f5c2a88917c2eab153ce5ecf4bf2d55c1507b74
#4 sha256:7dcb6d7d679c95a04b12c34ad95ed0ca31a85d0b74bdae00b8470796367e0c9d
#4 sha256:8ed8ca4862056a130f714accb3538decfa0663fec84e635d8b5a0a3305353dee 155B / 155B 3.2s
#4 sha256:59bf1c3509f33515622619af21ed55bbe26d24913cedbca106468a5fb37a50c3 0B / 2.82MB 4.1s
#4 sha256:666ba61612fd7c93393f9a5bc1751d8a9929e32d51501dba691da9e8232bc87b 282.16kB / 282.16kB 4.4s done
#4 sha256:59bf1c3509f33515622619af21ed55bbe26d24913cedbca106468a5fb37a50c3 1.05MB / 2.82MB 5.1s
#4 sha256:59bf1c3509f33515622619af21ed55bbe26d24913cedbca106468a5fb37a50c3 2.10MB / 2.82MB 5.5s
#4 sha256:8ed8ca4862056a130f714accb3538decfa0663fec84e635d8b5a0a3305353dee 155B / 155B 5.2s done
#4 sha256:59bf1c3509f33515622619af21ed55bbe26d24913cedbca106468a5fb37a50c3 2.82MB / 2.82MB 5.8s
#4 sha256:1ff5b6d8b8c6b6093e19083f398755431fee6120fae681379ad828e84f387ec0 0B / 110.13MB 6.8s
#4 sha256:59bf1c3509f33515622619af21ed55bbe26d24913cedbca106468a5fb37a50c3 2.82MB / 2.82MB 7.6s done
#4 extracting sha256:59bf1c3509f33515622619af21ed55bbe26d24913cedbca106468a5fb37a50c3
#4 sha256:40fcfd711f8db74e87407ed47c1d306a77eefe885d79679595d94f13c905f395 0B / 155B 9.3s
#4 sha256:1ff5b6d8b8c6b6093e19083f398755431fee6120fae681379ad828e84f387ec0 6.29MB / 110.13MB 10.4s
#4 extracting sha256:59bf1c3509f33515622619af21ed55bbe26d24913cedbca106468a5fb37a50c3 2.4s done
#4 sha256:1ff5b6d8b8c6b6093e19083f398755431fee6120fae681379ad828e84f387ec0 12.58MB / 110.13MB 14.8s
#4 extracting sha256:666ba61612fd7c93393f9a5bc1751d8a9929e32d51501dba691da9e8232bc87b
#4 sha256:1ff5b6d8b8c6b6093e19083f398755431fee6120fae681379ad828e84f387ec0 18.87MB / 110.13MB 18.7s
#4 extracting sha256:666ba61612fd7c93393f9a5bc1751d8a9929e32d51501dba691da9e8232bc87b 3.8s done
#4 sha256:40fcfd711f8db74e87407ed47c1d306a77eefe885d79679595d94f13c905f395 0B / 155B 21.0s
#4 extracting sha256:8ed8ca4862056a130f714accb3538decfa0663fec84e635d8b5a0a3305353dee
#4 extracting sha256:8ed8ca4862056a130f714accb3538decfa0663fec84e635d8b5a0a3305353dee 0.2s done
#4 sha256:1ff5b6d8b8c6b6093e19083f398755431fee6120fae681379ad828e84f387ec0 24.12MB / 110.13MB 23.7s
#4 sha256:40fcfd711f8db74e87407ed47c1d306a77eefe885d79679595d94f13c905f395 155B / 155B 25.2s
#4 sha256:40fcfd711f8db74e87407ed47c1d306a77eefe885d79679595d94f13c905f395 155B / 155B 25.6s done
#4 sha256:1ff5b6d8b8c6b6093e19083f398755431fee6120fae681379ad828e84f387ec0 30.41MB / 110.13MB 27.6s
#4 sha256:1ff5b6d8b8c6b6093e19083f398755431fee6120fae681379ad828e84f387ec0 35.65MB / 110.13MB 32.7s
#4 sha256:1ff5b6d8b8c6b6093e19083f398755431fee6120fae681379ad828e84f387ec0 40.90MB / 110.13MB 37.8s
#4 sha256:1ff5b6d8b8c6b6093e19083f398755431fee6120fae681379ad828e84f387ec0 47.19MB / 110.13MB 41.4s
#4 sha256:1ff5b6d8b8c6b6093e19083f398755431fee6120fae681379ad828e84f387ec0 50.33MB / 110.13MB 46.6s
#4 sha256:1ff5b6d8b8c6b6093e19083f398755431fee6120fae681379ad828e84f387ec0 55.57MB / 110.13MB 51.6s
#4 sha256:1ff5b6d8b8c6b6093e19083f398755431fee6120fae681379ad828e84f387ec0 57.67MB / 110.13MB 56.7s
#4 sha256:1ff5b6d8b8c6b6093e19083f398755431fee6120fae681379ad828e84f387ec0 60.82MB / 110.13MB 61.8s
#4 sha256:1ff5b6d8b8c6b6093e19083f398755431fee6120fae681379ad828e84f387ec0 66.06MB / 110.13MB 66.8s
#4 sha256:1ff5b6d8b8c6b6093e19083f398755431fee6120fae681379ad828e84f387ec0 72.35MB / 110.13MB 69.8s
#4 sha256:1ff5b6d8b8c6b6093e19083f398755431fee6120fae681379ad828e84f387ec0 78.64MB / 110.13MB 73.2s
#4 sha256:1ff5b6d8b8c6b6093e19083f398755431fee6120fae681379ad828e84f387ec0 84.93MB / 110.13MB 77.2s
#4 sha256:1ff5b6d8b8c6b6093e19083f398755431fee6120fae681379ad828e84f387ec0 85.98MB / 110.13MB 82.3s
#4 sha256:1ff5b6d8b8c6b6093e19083f398755431fee6120fae681379ad828e84f387ec0 90.18MB / 110.13MB 87.4s
#4 sha256:1ff5b6d8b8c6b6093e19083f398755431fee6120fae681379ad828e84f387ec0 94.37MB / 110.13MB 92.5s
#4 sha256:1ff5b6d8b8c6b6093e19083f398755431fee6120fae681379ad828e84f387ec0 100.66MB / 110.13MB 96.9s
#4 sha256:1ff5b6d8b8c6b6093e19083f398755431fee6120fae681379ad828e84f387ec0 106.95MB / 110.13MB 101.7s
#4 sha256:1ff5b6d8b8c6b6093e19083f398755431fee6120fae681379ad828e84f387ec0 110.13MB / 110.13MB 105.2s done
#4 extracting sha256:1ff5b6d8b8c6b6093e19083f398755431fee6120fae681379ad828e84f387ec0
#4 extracting sha256:1ff5b6d8b8c6b6093e19083f398755431fee6120fae681379ad828e84f387ec0 5.5s
#4 extracting sha256:1ff5b6d8b8c6b6093e19083f398755431fee6120fae681379ad828e84f387ec0 10.6s
#4 extracting sha256:1ff5b6d8b8c6b6093e19083f398755431fee6120fae681379ad828e84f387ec0 15.6s
#4 extracting sha256:1ff5b6d8b8c6b6093e19083f398755431fee6120fae681379ad828e84f387ec0 20.8s
#4 extracting sha256:1ff5b6d8b8c6b6093e19083f398755431fee6120fae681379ad828e84f387ec0 26.7s
#4 extracting sha256:1ff5b6d8b8c6b6093e19083f398755431fee6120fae681379ad828e84f387ec0 31.9s
#4 extracting sha256:1ff5b6d8b8c6b6093e19083f398755431fee6120fae681379ad828e84f387ec0 39.4s
#4 extracting sha256:1ff5b6d8b8c6b6093e19083f398755431fee6120fae681379ad828e84f387ec0 44.9s
#4 extracting sha256:1ff5b6d8b8c6b6093e19083f398755431fee6120fae681379ad828e84f387ec0 53.4s
#4 extracting sha256:1ff5b6d8b8c6b6093e19083f398755431fee6120fae681379ad828e84f387ec0 58.7s
#4 extracting sha256:1ff5b6d8b8c6b6093e19083f398755431fee6120fae681379ad828e84f387ec0 64.1s
#4 extracting sha256:1ff5b6d8b8c6b6093e19083f398755431fee6120fae681379ad828e84f387ec0 71.9s
#4 extracting sha256:1ff5b6d8b8c6b6093e19083f398755431fee6120fae681379ad828e84f387ec0 78.5s
#4 extracting sha256:1ff5b6d8b8c6b6093e19083f398755431fee6120fae681379ad828e84f387ec0 91.3s done
#4 extracting sha256:40fcfd711f8db74e87407ed47c1d306a77eefe885d79679595d94f13c905f395 done
#4 DONE 240.2s

#5 [2/7] WORKDIR /opt/indexer
#5 sha256:008795e7cdc25baf6f1e3a016dc53b211847eddbe4aeeda6608ec9f3dd413ea8
#5 DONE 5.9s

#6 [3/7] RUN apk add --no-cache git bzip2 make bash libtool boost-dev autoconf automake g++
#6 sha256:a13520942b186a8bea6e96a30912c15577879935095633abd76115ad1a02f2dd
#6 18.28 fetch https://dl-cdn.alpinelinux.org/alpine/v3.15/main/x86_64/APKINDEX.tar.gz
#6 21.20 fetch https://dl-cdn.alpinelinux.org/alpine/v3.15/community/x86_64/APKINDEX.tar.gz
#6 23.78 (1/87) Upgrading zlib (1.2.11-r3 -> 1.2.12-r3)
#6 24.00 (2/87) Installing m4 (1.4.18-r2)
#6 24.26 (3/87) Installing libbz2 (1.0.8-r1)
#6 24.42 (4/87) Installing perl (5.34.0-r1)
#6 45.79 (5/87) Installing autoconf (2.71-r0)
#6 46.32 (6/87) Installing automake (1.16.4-r1)
#6 47.02 (7/87) Installing ncurses-terminfo-base (6.3_p20211120-r1)
#6 47.43 (8/87) Installing ncurses-libs (6.3_p20211120-r1)
#6 48.00 (9/87) Installing readline (8.1.1-r0)
#6 48.28 (10/87) Installing bash (5.1.16-r0)
#6 49.03 Executing bash-5.1.16-r0.post-install
#6 49.06 (11/87) Installing boost1.77-atomic (1.77.0-r1)
#6 49.23 (12/87) Installing libgcc (10.3.1_git20211027-r0)
#6 49.46 (13/87) Installing boost1.77-chrono (1.77.0-r1)
#6 49.67 (14/87) Installing boost1.77-container (1.77.0-r1)
#6 50.17 (15/87) Installing boost1.77-context (1.77.0-r1)
#6 50.35 (16/87) Installing boost1.77-contract (1.77.0-r1)
#6 50.72 (17/87) Installing boost1.77-thread (1.77.0-r1)
#6 50.89 (18/87) Installing boost1.77-coroutine (1.77.0-r1)
#6 61.78 (19/87) Installing boost1.77-date_time (1.77.0-r1)
#6 61.99 (20/87) Installing boost1.77-fiber (1.77.0-r1)
#6 62.21 (21/87) Installing boost1.77-filesystem (1.77.0-r1)
#6 63.45 (22/87) Installing boost1.77-graph (1.77.0-r1)
#6 64.05 (23/87) Installing xz-libs (5.2.5-r1)
#6 64.34 (24/87) Installing boost1.77-iostreams (1.77.0-r1)
#6 64.80 (25/87) Installing boost1.77-locale (1.77.0-r1)
#6 71.65 (26/87) Installing boost1.77-log (1.77.0-r1)
#6 74.23 (27/87) Installing boost1.77-log_setup (1.77.0-r1)
#6 75.23 (28/87) Installing boost1.77-math (1.77.0-r1)
#6 76.26 (29/87) Installing boost1.77-prg_exec_monitor (1.77.0-r1)
#6 76.44 (30/87) Installing boost1.77-program_options (1.77.0-r1)
#6 76.96 (31/87) Installing expat (2.4.7-r0)
#6 77.26 (32/87) Installing libffi (3.4.2-r1)
#6 77.42 (33/87) Installing gdbm (1.22-r0)
#6 78.03 (34/87) Installing libstdc++ (10.3.1_git20211027-r0)
#6 78.94 (35/87) Installing mpdecimal (2.5.1-r1)
#6 79.19 (36/87) Installing sqlite-libs (3.36.0-r0)
#6 80.10 (37/87) Installing python3 (3.9.13-r1)
#6 96.69 (38/87) Installing boost1.77-python3 (1.77.0-r1)
#6 97.00 (39/87) Installing boost1.77-random (1.77.0-r1)
#6 97.15 (40/87) Installing boost1.77-regex (1.77.0-r1)
#6 97.43 (41/87) Installing boost1.77-serialization (1.77.0-r1)
#6 97.67 (42/87) Installing boost1.77-stacktrace_basic (1.77.0-r1)
#6 97.83 (43/87) Installing boost1.77-stacktrace_noop (1.77.0-r1)
#6 98.05 (44/87) Installing boost1.77-system (1.77.0-r1)
#6 98.20 (45/87) Installing boost1.77-timer (1.77.0-r1)
#6 98.37 (46/87) Installing boost1.77-type_erasure (1.77.0-r1)
#6 98.56 (47/87) Installing boost1.77-unit_test_framework (1.77.0-r1)
#6 99.14 (48/87) Installing boost1.77-wave (1.77.0-r1)
#6 99.63 (49/87) Installing boost1.77-wserialization (1.77.0-r1)
#6 100.3 (50/87) Installing boost1.77-json (1.77.0-r1)
#6 100.6 (51/87) Installing boost1.77-nowide (1.77.0-r1)
#6 100.7 (52/87) Installing boost1.77-libs (1.77.0-r1)
#6 100.9 (53/87) Installing boost1.77 (1.77.0-r1)
#6 101.3 (54/87) Installing linux-headers (5.10.41-r0)
#6 108.2 (55/87) Installing bzip2-dev (1.0.8-r1)
#6 108.3 (56/87) Installing icu-libs (69.1-r1)
#6 119.3 (57/87) Installing icu (69.1-r1)
#6 119.6 (58/87) Installing pkgconf (1.8.0-r0)
#6 119.8 (59/87) Installing icu-dev (69.1-r1)
#6 120.7 (60/87) Installing xz-dev (5.2.5-r1)
#6 121.7 (61/87) Installing zlib-dev (1.2.12-r3)
#6 121.9 (62/87) Installing boost1.77-dev (1.77.0-r1)
#6 170.6 (63/87) Installing boost-dev (1.77.0-r1)
#6 170.8 (64/87) Installing bzip2 (1.0.8-r1)
#6 171.3 (65/87) Installing binutils (2.37-r3)
#6 173.9 (66/87) Installing libgomp (10.3.1_git20211027-r0)
#6 174.1 (67/87) Installing libatomic (10.3.1_git20211027-r0)
#6 174.2 (68/87) Installing libgphobos (10.3.1_git20211027-r0)
#6 179.2 (69/87) Installing gmp (6.2.1-r1)
#6 179.8 (70/87) Installing isl22 (0.22-r0)
#6 181.2 (71/87) Installing mpfr4 (4.1.0-r0)
#6 183.3 (72/87) Installing mpc1 (1.2.1-r0)
#6 183.5 (73/87) Installing gcc (10.3.1_git20211027-r0)
#6 211.4 (74/87) Installing musl-dev (1.2.2-r7)
#6 212.9 (75/87) Installing libc-dev (0.7.2-r3)
#6 213.0 (76/87) Installing g++ (10.3.1_git20211027-r0)
#6 229.6 (77/87) Installing brotli-libs (1.0.9-r5)
#6 230.2 (78/87) Installing nghttp2-libs (1.46.0-r0)
#6 230.4 (79/87) Installing libcurl (7.80.0-r3)
#6 230.6 (80/87) Installing pcre2 (10.40-r0)
#6 230.9 (81/87) Installing git (2.34.4-r0)
#6 235.7 (82/87) Installing perl-error (0.17029-r1)
#6 235.9 (83/87) Installing perl-git (2.34.4-r0)
#6 236.1 (84/87) Installing git-perl (2.34.4-r0)
#6 236.4 (85/87) Installing libltdl (2.4.6-r7)
#6 236.4 (86/87) Installing libtool (2.4.6-r7)
#6 237.2 (87/87) Installing make (4.3-r0)
#6 237.5 Executing busybox-1.34.1-r3.trigger
#6 238.0 OK: 527 MiB in 101 packages
#6 DONE 247.9s

#8 [4/7] COPY images/indexer/disabled.go /tmp/disabled.go
#8 sha256:30161f9c82e833a114c97f57d68c406f6ef33db6e8cd9554380fdd4b99e7c134
#8 DONE 9.1s

#9 [5/7] COPY images/indexer/start.sh /tmp/start.sh
#9 sha256:23549b8b92da7ba8db313a1f96606cf76e8aa119ef2551aa1c2bfa4dc26ce537
#9 DONE 9.3s

#10 [6/7] COPY images/indexer/install.sh /tmp/install.sh
#10 sha256:c8af1599c7a7e330f868f2a359e81bea440d225d3d7cba61df8d7dbd1f8c793c
#10 DONE 7.4s

#11 [7/7] RUN /tmp/install.sh
#11 sha256:5fd652ecc2c31d2de4abe6f96a34a5c3a0413ecb2f81523fcf5bb9cd01cb0fce
#11 15.03 Missing BRANCH or URL environment variable. Skipping install.
#11 DONE 19.7s

#12 exporting to image
#12 sha256:e8c613e07b0b7ff33893b694f7759a10d42e180f2b4dc349fb57dc6b71dcab00
#12 exporting layers
#12 exporting layers 43.6s done
#12 writing image sha256:74f669c15e5cc7c9604ade7b20f7158ff8d14817d547cc3e7161206e9f1163bd
#12 writing image sha256:74f669c15e5cc7c9604ade7b20f7158ff8d14817d547cc3e7161206e9f1163bd 0.2s done
#12 naming to docker.io/library/sandbox_indexer
#12 naming to docker.io/library/sandbox_indexer 0.2s done
#12 DONE 44.7s

Use 'docker scan' to run Snyk tests against images to find vulnerabilities and learn how to fix them
Image for service indexer was built because it did not already exist. To rebuild this image you must use `docker-compose build` or `docker-compose up --build`.
Creating algorand-sandbox-algod ... 
Creating algorand-sandbox-postgres ... 

ERROR: for algorand-sandbox-postgres  UnixHTTPConnectionPool(host='localhost', port=None): Read timed out. (read timeout=60)

ERROR: for algorand-sandbox-algod  UnixHTTPConnectionPool(host='localhost', port=None): Read timed out. (read timeout=60)

ERROR: for indexer-db  UnixHTTPConnectionPool(host='localhost', port=None): Read timed out. (read timeout=60)

ERROR: for algod  UnixHTTPConnectionPool(host='localhost', port=None): Read timed out. (read timeout=60)
An HTTP request took too long to complete. Retry with --verbose to obtain debug information.
If you encounter this issue regularly because of slow network conditions, consider setting COMPOSE_HTTP_TIMEOUT to a higher value (current value: 60).
* docker compose up -d
algorand-sandbox-algod is up-to-date
algorand-sandbox-postgres is up-to-date
Creating algorand-sandbox-indexer ... 
Creating algorand-sandbox-indexer ... done
* docker compose up -d
algorand-sandbox-postgres is up-to-date
algorand-sandbox-algod is up-to-date
algorand-sandbox-indexer is up-to-date
* docker compose up -d
Creating algorand-sandbox-algod ... 
Creating algorand-sandbox-postgres ... 
Creating algorand-sandbox-postgres ... done
Creating algorand-sandbox-algod    ... done
Creating algorand-sandbox-indexer  ... 
Creating algorand-sandbox-indexer  ... done
* docker compose up -d
Creating network "sandbox_default" with the default driver
Building algod
#2 [internal] load .dockerignore
#2 sha256:90c7bc331893447419c7a2858bc571f7f0fd999645ab3dfbd8ea8cbfc403a919
#2 transferring context:
#2 transferring context: 73B 0.4s done
#2 ...

#1 [internal] load build definition from Dockerfile
#1 sha256:e4d90620079ae5ee2f2906ec77f5f09f50f7ccae91cf99416bdfe47ceb44837e
#1 transferring dockerfile: 1.50kB 0.2s done
#1 DONE 5.0s

#2 [internal] load .dockerignore
#2 sha256:90c7bc331893447419c7a2858bc571f7f0fd999645ab3dfbd8ea8cbfc403a919
#2 DONE 5.2s

#3 [internal] load metadata for docker.io/library/golang:1.17.5
#3 sha256:3ce65834f7d3a7d24709d89abd6d513f5446748e83e65f39378cdef7c372da42
#3 DONE 16.6s

#7 [internal] load build context
#7 sha256:11cbb97f4ad0047dd39bb13bb3e81b5ea59227024cc17412c26f04ef996327ed
#7 DONE 0.0s

#4 [1/7] FROM docker.io/library/golang:1.17.5@sha256:c72fa9afc50b3303e8044cf28fb358b48032a548e1825819420fd40155a131cb
#4 sha256:99ce5ac4d0407879a4451aa99722cf3b69c3e77b38db135f6f4803b309d0e04f
#4 resolve docker.io/library/golang:1.17.5@sha256:c72fa9afc50b3303e8044cf28fb358b48032a548e1825819420fd40155a131cb
#4 resolve docker.io/library/golang:1.17.5@sha256:c72fa9afc50b3303e8044cf28fb358b48032a548e1825819420fd40155a131cb 0.3s done
#4 sha256:c72fa9afc50b3303e8044cf28fb358b48032a548e1825819420fd40155a131cb 2.60kB / 2.60kB done
#4 sha256:90fb73aa50a20c85ecfaf619002dceeabff306ae19beec149e6be39928ee7f2d 1.80kB / 1.80kB done
#4 sha256:276895edf9673267f47528e8a99401f2d2947f6c9c00490f773d5ed8f559bef2 7.07kB / 7.07kB done
#4 sha256:0e29546d541cdbd309281d21a73a9d1db78665c1b95b74f32b009e0b77a6e1e3 0B / 54.92MB 0.5s
#4 sha256:9b829c73b52b92b97d5c07a54fb0f3e921995a296c714b53a32ae67d19231fcd 0B / 5.15MB 1.3s
#4 sha256:cb5b7ae361722f070eca53f35823ed21baa85d61d5d95cd5a95ab53d740cdd56 0B / 10.87MB 1.7s
#4 ...

#7 [internal] load build context
#7 sha256:11cbb97f4ad0047dd39bb13bb3e81b5ea59227024cc17412c26f04ef996327ed
#7 transferring context: 117.64kB 1.3s done
#7 DONE 2.6s

#4 [1/7] FROM docker.io/library/golang:1.17.5@sha256:c72fa9afc50b3303e8044cf28fb358b48032a548e1825819420fd40155a131cb
#4 sha256:99ce5ac4d0407879a4451aa99722cf3b69c3e77b38db135f6f4803b309d0e04f
#4 sha256:0e29546d541cdbd309281d21a73a9d1db78665c1b95b74f32b009e0b77a6e1e3 3.15MB / 54.92MB 2.2s
#4 sha256:9b829c73b52b92b97d5c07a54fb0f3e921995a296c714b53a32ae67d19231fcd 1.05MB / 5.15MB 2.9s
#4 sha256:0e29546d541cdbd309281d21a73a9d1db78665c1b95b74f32b009e0b77a6e1e3 6.29MB / 54.92MB 4.2s
#4 sha256:9b829c73b52b92b97d5c07a54fb0f3e921995a296c714b53a32ae67d19231fcd 2.10MB / 5.15MB 4.5s
#4 sha256:cb5b7ae361722f070eca53f35823ed21baa85d61d5d95cd5a95ab53d740cdd56 1.05MB / 10.87MB 5.2s
#4 sha256:cb5b7ae361722f070eca53f35823ed21baa85d61d5d95cd5a95ab53d740cdd56 2.10MB / 10.87MB 5.7s
#4 sha256:9b829c73b52b92b97d5c07a54fb0f3e921995a296c714b53a32ae67d19231fcd 3.15MB / 5.15MB 6.0s
#4 sha256:cb5b7ae361722f070eca53f35823ed21baa85d61d5d95cd5a95ab53d740cdd56 3.15MB / 10.87MB 6.5s
#4 sha256:cb5b7ae361722f070eca53f35823ed21baa85d61d5d95cd5a95ab53d740cdd56 4.19MB / 10.87MB 7.3s
#4 sha256:0e29546d541cdbd309281d21a73a9d1db78665c1b95b74f32b009e0b77a6e1e3 9.44MB / 54.92MB 7.9s
#4 sha256:cb5b7ae361722f070eca53f35823ed21baa85d61d5d95cd5a95ab53d740cdd56 5.24MB / 10.87MB 9.1s
#4 sha256:9b829c73b52b92b97d5c07a54fb0f3e921995a296c714b53a32ae67d19231fcd 4.19MB / 5.15MB 9.8s
#4 sha256:cb5b7ae361722f070eca53f35823ed21baa85d61d5d95cd5a95ab53d740cdd56 6.29MB / 10.87MB 10.1s
#4 sha256:cb5b7ae361722f070eca53f35823ed21baa85d61d5d95cd5a95ab53d740cdd56 7.34MB / 10.87MB 11.3s
#4 sha256:cb5b7ae361722f070eca53f35823ed21baa85d61d5d95cd5a95ab53d740cdd56 8.39MB / 10.87MB 11.9s
#4 sha256:0e29546d541cdbd309281d21a73a9d1db78665c1b95b74f32b009e0b77a6e1e3 10.49MB / 54.92MB 12.9s
#4 sha256:9b829c73b52b92b97d5c07a54fb0f3e921995a296c714b53a32ae67d19231fcd 4.19MB / 5.15MB 14.8s
#4 sha256:cb5b7ae361722f070eca53f35823ed21baa85d61d5d95cd5a95ab53d740cdd56 9.44MB / 10.87MB 14.9s
#4 sha256:9b829c73b52b92b97d5c07a54fb0f3e921995a296c714b53a32ae67d19231fcd 5.15MB / 5.15MB 15.9s
#4 sha256:9b829c73b52b92b97d5c07a54fb0f3e921995a296c714b53a32ae67d19231fcd 5.15MB / 5.15MB 16.1s done
#4 sha256:cb5b7ae361722f070eca53f35823ed21baa85d61d5d95cd5a95ab53d740cdd56 10.49MB / 10.87MB 16.3s
#4 sha256:6494e4811622b31c027ccac322ca463937fd805f569a93e6f15c01aade718793 0B / 54.57MB 16.5s
#4 sha256:cb5b7ae361722f070eca53f35823ed21baa85d61d5d95cd5a95ab53d740cdd56 10.87MB / 10.87MB 17.0s done
#4 sha256:6e1d20a8313edd44a36cb9198f4d11ac5eedb41d1faf5e8a33c5a0a5a25d2b92 0B / 85.80MB 17.4s
#4 sha256:0e29546d541cdbd309281d21a73a9d1db78665c1b95b74f32b009e0b77a6e1e3 12.58MB / 54.92MB 18.0s
#4 sha256:6494e4811622b31c027ccac322ca463937fd805f569a93e6f15c01aade718793 3.15MB / 54.57MB 21.1s
#4 sha256:0e29546d541cdbd309281d21a73a9d1db78665c1b95b74f32b009e0b77a6e1e3 15.73MB / 54.92MB 21.5s
#4 sha256:6e1d20a8313edd44a36cb9198f4d11ac5eedb41d1faf5e8a33c5a0a5a25d2b92 2.10MB / 85.80MB 22.4s
#4 sha256:6494e4811622b31c027ccac322ca463937fd805f569a93e6f15c01aade718793 6.29MB / 54.57MB 23.9s
#4 sha256:0e29546d541cdbd309281d21a73a9d1db78665c1b95b74f32b009e0b77a6e1e3 18.87MB / 54.92MB 24.7s
#4 sha256:6494e4811622b31c027ccac322ca463937fd805f569a93e6f15c01aade718793 9.44MB / 54.57MB 26.6s
#4 sha256:6e1d20a8313edd44a36cb9198f4d11ac5eedb41d1faf5e8a33c5a0a5a25d2b92 5.24MB / 85.80MB 27.5s
#4 sha256:0e29546d541cdbd309281d21a73a9d1db78665c1b95b74f32b009e0b77a6e1e3 22.02MB / 54.92MB 28.7s
#4 sha256:6494e4811622b31c027ccac322ca463937fd805f569a93e6f15c01aade718793 12.58MB / 54.57MB 29.1s
#4 sha256:0e29546d541cdbd309281d21a73a9d1db78665c1b95b74f32b009e0b77a6e1e3 25.17MB / 54.92MB 32.1s
#4 sha256:6494e4811622b31c027ccac322ca463937fd805f569a93e6f15c01aade718793 15.73MB / 54.57MB 32.1s
#4 sha256:6e1d20a8313edd44a36cb9198f4d11ac5eedb41d1faf5e8a33c5a0a5a25d2b92 8.39MB / 85.80MB 32.6s
#4 sha256:0e29546d541cdbd309281d21a73a9d1db78665c1b95b74f32b009e0b77a6e1e3 28.31MB / 54.92MB 34.5s
#4 sha256:6494e4811622b31c027ccac322ca463937fd805f569a93e6f15c01aade718793 18.87MB / 54.57MB 35.4s
#4 sha256:0e29546d541cdbd309281d21a73a9d1db78665c1b95b74f32b009e0b77a6e1e3 31.46MB / 54.92MB 36.9s
#4 sha256:6e1d20a8313edd44a36cb9198f4d11ac5eedb41d1faf5e8a33c5a0a5a25d2b92 11.53MB / 85.80MB 37.7s
#4 sha256:6494e4811622b31c027ccac322ca463937fd805f569a93e6f15c01aade718793 22.02MB / 54.57MB 38.0s
#4 sha256:0e29546d541cdbd309281d21a73a9d1db78665c1b95b74f32b009e0b77a6e1e3 34.60MB / 54.92MB 39.6s
#4 sha256:6494e4811622b31c027ccac322ca463937fd805f569a93e6f15c01aade718793 25.17MB / 54.57MB 40.8s
#4 sha256:6e1d20a8313edd44a36cb9198f4d11ac5eedb41d1faf5e8a33c5a0a5a25d2b92 14.68MB / 85.80MB 42.9s
#4 sha256:0e29546d541cdbd309281d21a73a9d1db78665c1b95b74f32b009e0b77a6e1e3 37.75MB / 54.92MB 43.0s
#4 sha256:6494e4811622b31c027ccac322ca463937fd805f569a93e6f15c01aade718793 28.31MB / 54.57MB 43.7s
#4 sha256:0e29546d541cdbd309281d21a73a9d1db78665c1b95b74f32b009e0b77a6e1e3 40.89MB / 54.92MB 46.8s
#4 sha256:6e1d20a8313edd44a36cb9198f4d11ac5eedb41d1faf5e8a33c5a0a5a25d2b92 16.78MB / 85.80MB 47.9s
#4 sha256:6494e4811622b31c027ccac322ca463937fd805f569a93e6f15c01aade718793 31.46MB / 54.57MB 48.4s
#4 sha256:0e29546d541cdbd309281d21a73a9d1db78665c1b95b74f32b009e0b77a6e1e3 44.04MB / 54.92MB 50.9s
#4 sha256:6494e4811622b31c027ccac322ca463937fd805f569a93e6f15c01aade718793 34.60MB / 54.57MB 51.0s
#4 sha256:6e1d20a8313edd44a36cb9198f4d11ac5eedb41d1faf5e8a33c5a0a5a25d2b92 18.87MB / 85.80MB 53.0s
#4 sha256:6494e4811622b31c027ccac322ca463937fd805f569a93e6f15c01aade718793 37.75MB / 54.57MB 54.6s
#4 sha256:0e29546d541cdbd309281d21a73a9d1db78665c1b95b74f32b009e0b77a6e1e3 47.19MB / 54.92MB 54.8s
#4 sha256:0e29546d541cdbd309281d21a73a9d1db78665c1b95b74f32b009e0b77a6e1e3 50.33MB / 54.92MB 57.2s
#4 sha256:6494e4811622b31c027ccac322ca463937fd805f569a93e6f15c01aade718793 40.89MB / 54.57MB 57.3s
#4 sha256:6e1d20a8313edd44a36cb9198f4d11ac5eedb41d1faf5e8a33c5a0a5a25d2b92 23.07MB / 85.80MB 58.1s
#4 sha256:0e29546d541cdbd309281d21a73a9d1db78665c1b95b74f32b009e0b77a6e1e3 53.48MB / 54.92MB 60.1s
#4 sha256:6494e4811622b31c027ccac322ca463937fd805f569a93e6f15c01aade718793 44.04MB / 54.57MB 60.2s
#4 sha256:6494e4811622b31c027ccac322ca463937fd805f569a93e6f15c01aade718793 47.19MB / 54.57MB 62.7s
#4 sha256:6e1d20a8313edd44a36cb9198f4d11ac5eedb41d1faf5e8a33c5a0a5a25d2b92 27.26MB / 85.80MB 63.2s
#4 sha256:0e29546d541cdbd309281d21a73a9d1db78665c1b95b74f32b009e0b77a6e1e3 54.92MB / 54.92MB 63.6s done
#4 extracting sha256:0e29546d541cdbd309281d21a73a9d1db78665c1b95b74f32b009e0b77a6e1e3
#4 sha256:6494e4811622b31c027ccac322ca463937fd805f569a93e6f15c01aade718793 50.33MB / 54.57MB 64.5s
#4 sha256:593823f101dcd9f20536348ad760ff593d83bb7ca26d99abeb0a0ecfeb6955ba 0B / 134.81MB 64.5s
#4 sha256:6494e4811622b31c027ccac322ca463937fd805f569a93e6f15c01aade718793 53.48MB / 54.57MB 66.4s
#4 sha256:6e1d20a8313edd44a36cb9198f4d11ac5eedb41d1faf5e8a33c5a0a5a25d2b92 32.51MB / 85.80MB 67.3s
#4 sha256:6494e4811622b31c027ccac322ca463937fd805f569a93e6f15c01aade718793 54.57MB / 54.57MB 68.0s done
#4 sha256:1b4aae56cdbe63d04c5a44cec0c4cdf9dc1efb3cac8a4102c8cc618086809b72 0B / 155B 68.6s
#4 extracting sha256:0e29546d541cdbd309281d21a73a9d1db78665c1b95b74f32b009e0b77a6e1e3 5.0s
#4 sha256:1b4aae56cdbe63d04c5a44cec0c4cdf9dc1efb3cac8a4102c8cc618086809b72 155B / 155B 69.2s
#4 sha256:1b4aae56cdbe63d04c5a44cec0c4cdf9dc1efb3cac8a4102c8cc618086809b72 155B / 155B 69.4s done
#4 sha256:593823f101dcd9f20536348ad760ff593d83bb7ca26d99abeb0a0ecfeb6955ba 3.15MB / 134.81MB 69.6s
#4 extracting sha256:0e29546d541cdbd309281d21a73a9d1db78665c1b95b74f32b009e0b77a6e1e3 6.6s done
#4 sha256:6e1d20a8313edd44a36cb9198f4d11ac5eedb41d1faf5e8a33c5a0a5a25d2b92 37.75MB / 85.80MB 70.9s
#4 extracting sha256:9b829c73b52b92b97d5c07a54fb0f3e921995a296c714b53a32ae67d19231fcd
#4 extracting sha256:9b829c73b52b92b97d5c07a54fb0f3e921995a296c714b53a32ae67d19231fcd 0.6s done
#4 extracting sha256:cb5b7ae361722f070eca53f35823ed21baa85d61d5d95cd5a95ab53d740cdd56
#4 extracting sha256:cb5b7ae361722f070eca53f35823ed21baa85d61d5d95cd5a95ab53d740cdd56 0.7s done
#4 sha256:593823f101dcd9f20536348ad760ff593d83bb7ca26d99abeb0a0ecfeb6955ba 10.49MB / 134.81MB 74.4s
#4 sha256:6e1d20a8313edd44a36cb9198f4d11ac5eedb41d1faf5e8a33c5a0a5a25d2b92 42.99MB / 85.80MB 74.8s
#4 extracting sha256:6494e4811622b31c027ccac322ca463937fd805f569a93e6f15c01aade718793
#4 sha256:6e1d20a8313edd44a36cb9198f4d11ac5eedb41d1faf5e8a33c5a0a5a25d2b92 48.23MB / 85.80MB 78.4s
#4 sha256:593823f101dcd9f20536348ad760ff593d83bb7ca26d99abeb0a0ecfeb6955ba 16.78MB / 134.81MB 79.5s
#4 extracting sha256:6494e4811622b31c027ccac322ca463937fd805f569a93e6f15c01aade718793 5.5s
#4 sha256:6e1d20a8313edd44a36cb9198f4d11ac5eedb41d1faf5e8a33c5a0a5a25d2b92 53.48MB / 85.80MB 82.2s
#4 extracting sha256:6494e4811622b31c027ccac322ca463937fd805f569a93e6f15c01aade718793 7.9s done
#4 sha256:593823f101dcd9f20536348ad760ff593d83bb7ca26d99abeb0a0ecfeb6955ba 23.07MB / 134.81MB 84.5s
#4 sha256:6e1d20a8313edd44a36cb9198f4d11ac5eedb41d1faf5e8a33c5a0a5a25d2b92 58.72MB / 85.80MB 86.4s
#4 sha256:593823f101dcd9f20536348ad760ff593d83bb7ca26d99abeb0a0ecfeb6955ba 29.36MB / 134.81MB 89.5s
#4 sha256:6e1d20a8313edd44a36cb9198f4d11ac5eedb41d1faf5e8a33c5a0a5a25d2b92 63.96MB / 85.80MB 90.2s
#4 sha256:6e1d20a8313edd44a36cb9198f4d11ac5eedb41d1faf5e8a33c5a0a5a25d2b92 69.21MB / 85.80MB 93.1s
#4 sha256:593823f101dcd9f20536348ad760ff593d83bb7ca26d99abeb0a0ecfeb6955ba 34.60MB / 134.81MB 94.6s
#4 sha256:6e1d20a8313edd44a36cb9198f4d11ac5eedb41d1faf5e8a33c5a0a5a25d2b92 72.35MB / 85.80MB 98.1s
#4 sha256:593823f101dcd9f20536348ad760ff593d83bb7ca26d99abeb0a0ecfeb6955ba 38.80MB / 134.81MB 99.6s
#4 sha256:6e1d20a8313edd44a36cb9198f4d11ac5eedb41d1faf5e8a33c5a0a5a25d2b92 77.59MB / 85.80MB 101.2s
#4 sha256:593823f101dcd9f20536348ad760ff593d83bb7ca26d99abeb0a0ecfeb6955ba 43.72MB / 134.81MB 104.6s
#4 sha256:6e1d20a8313edd44a36cb9198f4d11ac5eedb41d1faf5e8a33c5a0a5a25d2b92 82.84MB / 85.80MB 105.2s
#4 sha256:6e1d20a8313edd44a36cb9198f4d11ac5eedb41d1faf5e8a33c5a0a5a25d2b92 85.80MB / 85.80MB 108.8s done
#4 extracting sha256:6e1d20a8313edd44a36cb9198f4d11ac5eedb41d1faf5e8a33c5a0a5a25d2b92
#4 sha256:593823f101dcd9f20536348ad760ff593d83bb7ca26d99abeb0a0ecfeb6955ba 50.33MB / 134.81MB 109.7s
#4 extracting sha256:6e1d20a8313edd44a36cb9198f4d11ac5eedb41d1faf5e8a33c5a0a5a25d2b92 5.1s
#4 sha256:593823f101dcd9f20536348ad760ff593d83bb7ca26d99abeb0a0ecfeb6955ba 57.67MB / 134.81MB 114.5s
#4 sha256:593823f101dcd9f20536348ad760ff593d83bb7ca26d99abeb0a0ecfeb6955ba 65.01MB / 134.81MB 117.0s
#4 sha256:593823f101dcd9f20536348ad760ff593d83bb7ca26d99abeb0a0ecfeb6955ba 72.35MB / 134.81MB 120.4s
#4 extracting sha256:6e1d20a8313edd44a36cb9198f4d11ac5eedb41d1faf5e8a33c5a0a5a25d2b92 14.2s
#4 sha256:593823f101dcd9f20536348ad760ff593d83bb7ca26d99abeb0a0ecfeb6955ba 79.69MB / 134.81MB 124.1s
#4 extracting sha256:6e1d20a8313edd44a36cb9198f4d11ac5eedb41d1faf5e8a33c5a0a5a25d2b92 15.4s done
#4 sha256:593823f101dcd9f20536348ad760ff593d83bb7ca26d99abeb0a0ecfeb6955ba 87.03MB / 134.81MB 126.8s
#4 sha256:593823f101dcd9f20536348ad760ff593d83bb7ca26d99abeb0a0ecfeb6955ba 94.37MB / 134.81MB 129.6s
#4 sha256:593823f101dcd9f20536348ad760ff593d83bb7ca26d99abeb0a0ecfeb6955ba 101.71MB / 134.81MB 132.5s
#4 sha256:593823f101dcd9f20536348ad760ff593d83bb7ca26d99abeb0a0ecfeb6955ba 109.05MB / 134.81MB 135.1s
#4 sha256:593823f101dcd9f20536348ad760ff593d83bb7ca26d99abeb0a0ecfeb6955ba 116.39MB / 134.81MB 137.5s
#4 sha256:593823f101dcd9f20536348ad760ff593d83bb7ca26d99abeb0a0ecfeb6955ba 123.73MB / 134.81MB 139.8s
#4 sha256:593823f101dcd9f20536348ad760ff593d83bb7ca26d99abeb0a0ecfeb6955ba 131.07MB / 134.81MB 143.3s
#4 sha256:593823f101dcd9f20536348ad760ff593d83bb7ca26d99abeb0a0ecfeb6955ba 134.81MB / 134.81MB 146.3s done
#4 extracting sha256:593823f101dcd9f20536348ad760ff593d83bb7ca26d99abeb0a0ecfeb6955ba
#4 extracting sha256:593823f101dcd9f20536348ad760ff593d83bb7ca26d99abeb0a0ecfeb6955ba 5.0s
#4 extracting sha256:593823f101dcd9f20536348ad760ff593d83bb7ca26d99abeb0a0ecfeb6955ba 11.7s
#4 extracting sha256:593823f101dcd9f20536348ad760ff593d83bb7ca26d99abeb0a0ecfeb6955ba 16.1s done
#4 extracting sha256:1b4aae56cdbe63d04c5a44cec0c4cdf9dc1efb3cac8a4102c8cc618086809b72 done
#4 DONE 233.9s

#5 [2/7] RUN echo "Installing from source.  -- "
#5 sha256:3a031cd7c8e3784138ad9f93d2ce6268cadd4887b72edad10c5aa78a04b4b149
#5 7.617 Installing from source.  -- 
#5 DONE 11.6s

#6 [3/7] RUN apt-get update && apt-get install -y apt-utils curl git git-core bsdmainutils python3
#6 sha256:4b62e361a350a290e2358c84da2455ec521ab4f1b728d214994bc39889b7262e
#6 49.68 Get:1 http://security.debian.org/debian-security bullseye-security InRelease [48.4 kB]
#6 49.84 Get:2 http://deb.debian.org/debian bullseye InRelease [116 kB]
#6 50.72 Get:3 http://security.debian.org/debian-security bullseye-security/main amd64 Packages [184 kB]
#6 50.76 Get:4 http://deb.debian.org/debian bullseye-updates InRelease [44.1 kB]
#6 51.09 Get:5 http://deb.debian.org/debian bullseye/main amd64 Packages [8184 kB]
#6 64.61 Get:6 http://deb.debian.org/debian bullseye-updates/main amd64 Packages [2596 B]
#6 68.21 Fetched 8578 kB in 39s (220 kB/s)
#6 68.21 Reading package lists...
#6 69.26 Reading package lists...
#6 70.37 Building dependency tree...
#6 70.52 Reading state information...
#6 70.76 git is already the newest version (1:2.30.2-1).
#6 70.76 python3 is already the newest version (3.9.2-3).
#6 70.76 python3 set to manually installed.
#6 70.76 The following additional packages will be installed:
#6 70.77   bsdextrautils libcurl4 ncal
#6 70.77 Suggested packages:
#6 70.77   calendar whois vacation mailutils
#6 70.82 The following NEW packages will be installed:
#6 70.82   apt-utils bsdextrautils bsdmainutils ncal
#6 70.83 The following packages will be upgraded:
#6 70.83   curl libcurl4
#6 71.39 2 upgraded, 4 newly installed, 0 to remove and 53 not upgraded.
#6 71.39 Need to get 1246 kB of archives.
#6 71.39 After this operation, 1693 kB of additional disk space will be used.
#6 71.39 Get:1 http://deb.debian.org/debian bullseye/main amd64 bsdextrautils amd64 2.36.1-8+deb11u1 [145 kB]
#6 71.88 Get:2 http://deb.debian.org/debian bullseye/main amd64 apt-utils amd64 2.2.4 [439 kB]
#6 72.17 Get:3 http://deb.debian.org/debian bullseye/main amd64 ncal amd64 12.1.7+nmu3 [30.1 kB]
#6 72.18 Get:4 http://deb.debian.org/debian bullseye/main amd64 bsdmainutils all 12.1.7+nmu3 [16.4 kB]
#6 72.19 Get:5 http://deb.debian.org/debian bullseye/main amd64 curl amd64 7.74.0-1.3+deb11u3 [269 kB]
#6 72.27 Get:6 http://deb.debian.org/debian bullseye/main amd64 libcurl4 amd64 7.74.0-1.3+deb11u3 [345 kB]
#6 74.65 debconf: delaying package configuration, since apt-utils is not installed
#6 75.48 Fetched 1246 kB in 2s (814 kB/s)
#6 77.57 Selecting previously unselected package bsdextrautils.
#6 77.57 (Reading database ... (Reading database ... 5%(Reading database ... 10%(Reading database ... 15%(Reading database ... 20%(Reading database ... 25%(Reading database ... 30%(Reading database ... 35%(Reading database ... 40%(Reading database ... 45%(Reading database ... 50%(Reading database ... 55%(Reading database ... 60%(Reading database ... 65%(Reading database ... 70%(Reading database ... 75%(Reading database ... 80%(Reading database ... 85%(Reading database ... 90%(Reading database ... 95%(Reading database ... 100%(Reading database ... 15709 files and directories currently installed.)
#6 77.59 Preparing to unpack .../0-bsdextrautils_2.36.1-8+deb11u1_amd64.deb ...
#6 78.23 Unpacking bsdextrautils (2.36.1-8+deb11u1) ...
#6 82.26 Selecting previously unselected package apt-utils.
#6 82.27 Preparing to unpack .../1-apt-utils_2.2.4_amd64.deb ...
#6 82.93 Unpacking apt-utils (2.2.4) ...
#6 86.54 Selecting previously unselected package ncal.
#6 86.54 Preparing to unpack .../2-ncal_12.1.7+nmu3_amd64.deb ...
#6 87.17 Unpacking ncal (12.1.7+nmu3) ...
#6 90.83 Selecting previously unselected package bsdmainutils.
#6 90.83 Preparing to unpack .../3-bsdmainutils_12.1.7+nmu3_all.deb ...
#6 91.42 Unpacking bsdmainutils (12.1.7+nmu3) ...
#6 94.40 Preparing to unpack .../4-curl_7.74.0-1.3+deb11u3_amd64.deb ...
#6 97.07 Unpacking curl (7.74.0-1.3+deb11u3) over (7.74.0-1.3+deb11u1) ...
#6 104.6 Preparing to unpack .../5-libcurl4_7.74.0-1.3+deb11u3_amd64.deb ...
#6 107.0 Unpacking libcurl4:amd64 (7.74.0-1.3+deb11u3) over (7.74.0-1.3+deb11u1) ...
#6 111.2 Setting up apt-utils (2.2.4) ...
#6 120.1 Setting up bsdextrautils (2.36.1-8+deb11u1) ...
#6 122.1 update-alternatives: using /usr/bin/write.ul to provide /usr/bin/write (write) in auto mode
#6 122.9 Setting up ncal (12.1.7+nmu3) ...
#6 124.6 Setting up bsdmainutils (12.1.7+nmu3) ...
#6 125.8 Setting up libcurl4:amd64 (7.74.0-1.3+deb11u3) ...
#6 127.0 Setting up curl (7.74.0-1.3+deb11u3) ...
#6 128.4 Processing triggers for libc-bin (2.31-13+deb11u2) ...
#6 DONE 131.4s

#8 [4/7] COPY . /tmp
#8 sha256:bfc6f65741ae66d818e5b2e0c525f50fc67973b3c07468a7ea7ab7bcbb3b9f5a
#8 DONE 3.3s

#9 [5/7] RUN /tmp/images/algod/install.sh     -d "/node"     -c "stable"     -u ""     -b ""     -s ""
#9 sha256:f25ea8e3a1dbe6d183f0971b9ea82ce085f74e72825bcf1b508f68a6a30b48c6
#9 4.566 /tmp/images/algod /go
#9 4.566 Installing algod with options:
#9 4.567   BINDIR = /node
#9 4.567   CHANNEL = stable
#9 4.567   URL = 
#9 4.567   BRANCH = 
#9 4.567   SHA = 
#9 4.581 Current Version = 0
#9 17.19 curl: (35) OpenSSL SSL_connect: SSL_ERROR_SYSCALL in connection to github.com:443 
#9 17.20 failed to download updater binary from https://github.com/algorand/go-algorand/releases/download/v3.6.2-stable/install_stable_linux-amd64_3.6.2.tar.gz using curl.
#9 17.20 
#9 ERROR: executor failed running [/bin/sh -c /tmp/images/algod/install.sh     -d "${BIN_DIR}"     -c "${CHANNEL}"     -u "${URL}"     -b "${BRANCH}"     -s "${SHA}"]: exit code: 1
------
 > [5/7] RUN /tmp/images/algod/install.sh     -d "/node"     -c "stable"     -u ""     -b ""     -s "":
------
executor failed running [/bin/sh -c /tmp/images/algod/install.sh     -d "${BIN_DIR}"     -c "${CHANNEL}"     -u "${URL}"     -b "${BRANCH}"     -s "${SHA}"]: exit code: 1
Service 'algod' failed to build : Build failed
